{"/home/travis/build/npmtest/node-npmtest-fast-csv/test.js":{"path":"/home/travis/build/npmtest/node-npmtest-fast-csv/test.js","s":{"1":2,"2":2,"3":2,"4":2,"5":2,"6":2,"7":2,"8":1,"9":2,"10":2,"11":1,"12":1,"13":1,"14":1,"15":2,"16":2,"17":2,"18":2,"19":1,"20":1,"21":2,"22":2,"23":2,"24":1,"25":1,"26":1,"27":1,"28":1,"29":1,"30":1,"31":1,"32":1,"33":1,"34":1,"35":1,"36":1,"37":2,"38":2,"39":1,"40":2,"41":2,"42":1,"43":2,"44":2,"45":1,"46":2,"47":2,"48":1,"49":1,"50":1,"51":1,"52":1},"b":{"1":[2,1,1,1],"2":[1,1,1,1],"3":[1,1],"4":[1,1],"5":[1,1],"6":[1,1],"7":[1,1],"8":[1,1],"9":[1,1,1],"10":[1,1],"11":[1,1],"12":[1,1],"13":[1,1],"14":[1,1],"15":[1,1],"16":[1,1]},"f":{"1":2,"2":2,"3":2,"4":2,"5":2,"6":1,"7":1,"8":2,"9":2,"10":2,"11":2,"12":1},"fnMap":{"1":{"name":"(anonymous_1)","line":12,"loc":{"start":{"line":12,"column":1},"end":{"line":12,"column":13}}},"2":{"name":"(anonymous_2)","line":19,"loc":{"start":{"line":19,"column":5},"end":{"line":19,"column":17}}},"3":{"name":"(anonymous_3)","line":23,"loc":{"start":{"line":23,"column":24},"end":{"line":23,"column":36}}},"4":{"name":"(anonymous_4)","line":61,"loc":{"start":{"line":61,"column":5},"end":{"line":61,"column":17}}},"5":{"name":"(anonymous_5)","line":82,"loc":{"start":{"line":82,"column":5},"end":{"line":82,"column":17}}},"6":{"name":"(anonymous_6)","line":102,"loc":{"start":{"line":102,"column":83},"end":{"line":105,"column":10}},"skip":true},"7":{"name":"(anonymous_7)","line":113,"loc":{"start":{"line":113,"column":77},"end":{"line":116,"column":10}},"skip":true},"8":{"name":"(anonymous_8)","line":129,"loc":{"start":{"line":129,"column":12},"end":{"line":129,"column":40}},"skip":true},"9":{"name":"(anonymous_9)","line":137,"loc":{"start":{"line":137,"column":77},"end":{"line":140,"column":10}},"skip":true},"10":{"name":"(anonymous_10)","line":148,"loc":{"start":{"line":148,"column":83},"end":{"line":151,"column":10}},"skip":true},"11":{"name":"(anonymous_11)","line":159,"loc":{"start":{"line":159,"column":79},"end":{"line":162,"column":10}},"skip":true},"12":{"name":"(anonymous_12)","line":170,"loc":{"start":{"line":170,"column":75},"end":{"line":173,"column":10}},"skip":true}},"statementMap":{"1":{"start":{"line":12,"column":0},"end":{"line":185,"column":5}},"2":{"start":{"line":14,"column":4},"end":{"line":14,"column":14}},"3":{"start":{"line":19,"column":4},"end":{"line":56,"column":9}},"4":{"start":{"line":21,"column":8},"end":{"line":21,"column":19}},"5":{"start":{"line":23,"column":8},"end":{"line":35,"column":13}},"6":{"start":{"line":24,"column":12},"end":{"line":34,"column":13}},"7":{"start":{"line":25,"column":16},"end":{"line":28,"column":30}},"8":{"start":{"line":30,"column":16},"end":{"line":33,"column":27}},"9":{"start":{"line":37,"column":8},"end":{"line":39,"column":21}},"10":{"start":{"line":40,"column":8},"end":{"line":53,"column":9}},"11":{"start":{"line":43,"column":12},"end":{"line":46,"column":14}},"12":{"start":{"line":47,"column":12},"end":{"line":47,"column":18}},"13":{"start":{"line":50,"column":12},"end":{"line":51,"column":46}},"14":{"start":{"line":52,"column":12},"end":{"line":52,"column":18}},"15":{"start":{"line":55,"column":8},"end":{"line":55,"column":35}},"16":{"start":{"line":61,"column":4},"end":{"line":63,"column":9}},"17":{"start":{"line":62,"column":8},"end":{"line":62,"column":15}},"18":{"start":{"line":64,"column":4},"end":{"line":77,"column":5}},"19":{"start":{"line":70,"column":8},"end":{"line":70,"column":14}},"20":{"start":{"line":76,"column":8},"end":{"line":76,"column":14}},"21":{"start":{"line":82,"column":4},"end":{"line":84,"column":9}},"22":{"start":{"line":83,"column":8},"end":{"line":83,"column":15}},"23":{"start":{"line":85,"column":4},"end":{"line":184,"column":5}},"24":{"start":{"line":92,"column":8},"end":{"line":94,"column":63}},"25":{"start":{"line":95,"column":8},"end":{"line":95,"column":14}},"26":{"start":{"line":102,"column":8},"end":{"line":111,"column":10},"skip":true},"27":{"start":{"line":109,"column":12},"end":{"line":109,"column":55},"skip":true},"28":{"start":{"line":110,"column":12},"end":{"line":110,"column":48},"skip":true},"29":{"start":{"line":113,"column":8},"end":{"line":126,"column":10},"skip":true},"30":{"start":{"line":120,"column":12},"end":{"line":120,"column":76},"skip":true},"31":{"start":{"line":121,"column":12},"end":{"line":121,"column":73},"skip":true},"32":{"start":{"line":122,"column":12},"end":{"line":122,"column":74},"skip":true},"33":{"start":{"line":123,"column":12},"end":{"line":123,"column":79},"skip":true},"34":{"start":{"line":124,"column":12},"end":{"line":124,"column":25},"skip":true},"35":{"start":{"line":125,"column":12},"end":{"line":125,"column":45},"skip":true},"36":{"start":{"line":128,"column":8},"end":{"line":135,"column":14},"skip":true},"37":{"start":{"line":133,"column":16},"end":{"line":133,"column":29},"skip":true},"38":{"start":{"line":134,"column":16},"end":{"line":134,"column":55},"skip":true},"39":{"start":{"line":137,"column":8},"end":{"line":146,"column":10},"skip":true},"40":{"start":{"line":144,"column":12},"end":{"line":144,"column":25},"skip":true},"41":{"start":{"line":145,"column":12},"end":{"line":145,"column":45},"skip":true},"42":{"start":{"line":148,"column":8},"end":{"line":157,"column":10},"skip":true},"43":{"start":{"line":155,"column":12},"end":{"line":155,"column":25},"skip":true},"44":{"start":{"line":156,"column":12},"end":{"line":156,"column":48},"skip":true},"45":{"start":{"line":159,"column":8},"end":{"line":168,"column":10},"skip":true},"46":{"start":{"line":166,"column":12},"end":{"line":166,"column":25},"skip":true},"47":{"start":{"line":167,"column":12},"end":{"line":167,"column":46},"skip":true},"48":{"start":{"line":170,"column":8},"end":{"line":179,"column":10},"skip":true},"49":{"start":{"line":177,"column":12},"end":{"line":177,"column":94},"skip":true},"50":{"start":{"line":178,"column":12},"end":{"line":178,"column":48},"skip":true},"51":{"start":{"line":182,"column":8},"end":{"line":182,"column":35},"skip":true},"52":{"start":{"line":183,"column":8},"end":{"line":183,"column":14},"skip":true}},"branchMap":{"1":{"line":25,"type":"binary-expr","locations":[{"start":{"line":25,"column":23},"end":{"line":25,"column":62}},{"start":{"line":26,"column":20},"end":{"line":26,"column":70}},{"start":{"line":27,"column":20},"end":{"line":27,"column":71}},{"start":{"line":28,"column":20},"end":{"line":28,"column":29}}]},"2":{"line":30,"type":"binary-expr","locations":[{"start":{"line":30,"column":23},"end":{"line":30,"column":37}},{"start":{"line":31,"column":20},"end":{"line":31,"column":61}},{"start":{"line":32,"column":20},"end":{"line":32,"column":70}},{"start":{"line":33,"column":20},"end":{"line":33,"column":26}}]},"3":{"line":37,"type":"cond-expr","locations":[{"start":{"line":38,"column":14},"end":{"line":38,"column":20}},{"start":{"line":39,"column":14},"end":{"line":39,"column":20}}]},"4":{"line":40,"type":"switch","locations":[{"start":{"line":42,"column":8},"end":{"line":47,"column":18}},{"start":{"line":49,"column":8},"end":{"line":52,"column":18}}]},"5":{"line":44,"type":"binary-expr","locations":[{"start":{"line":44,"column":16},"end":{"line":44,"column":44}},{"start":{"line":44,"column":48},"end":{"line":44,"column":66}}]},"6":{"line":50,"type":"binary-expr","locations":[{"start":{"line":50,"column":21},"end":{"line":50,"column":49}},{"start":{"line":50,"column":53},"end":{"line":50,"column":72}}]},"7":{"line":64,"type":"switch","locations":[{"start":{"line":69,"column":4},"end":{"line":70,"column":14}},{"start":{"line":75,"column":4},"end":{"line":76,"column":14}}]},"8":{"line":85,"type":"switch","locations":[{"start":{"line":90,"column":4},"end":{"line":95,"column":14}},{"start":{"line":101,"column":4},"end":{"line":183,"column":14},"skip":true}]},"9":{"line":92,"type":"binary-expr","locations":[{"start":{"line":92,"column":18},"end":{"line":92,"column":32}},{"start":{"line":93,"column":12},"end":{"line":93,"column":53}},{"start":{"line":94,"column":12},"end":{"line":94,"column":61}}]},"10":{"line":102,"type":"binary-expr","locations":[{"start":{"line":102,"column":45},"end":{"line":102,"column":79},"skip":true},{"start":{"line":102,"column":83},"end":{"line":111,"column":9},"skip":true}]},"11":{"line":113,"type":"binary-expr","locations":[{"start":{"line":113,"column":42},"end":{"line":113,"column":73},"skip":true},{"start":{"line":113,"column":77},"end":{"line":126,"column":9},"skip":true}]},"12":{"line":128,"type":"binary-expr","locations":[{"start":{"line":128,"column":48},"end":{"line":128,"column":85},"skip":true},{"start":{"line":129,"column":12},"end":{"line":135,"column":13},"skip":true}]},"13":{"line":137,"type":"binary-expr","locations":[{"start":{"line":137,"column":42},"end":{"line":137,"column":73},"skip":true},{"start":{"line":137,"column":77},"end":{"line":146,"column":9},"skip":true}]},"14":{"line":148,"type":"binary-expr","locations":[{"start":{"line":148,"column":45},"end":{"line":148,"column":79},"skip":true},{"start":{"line":148,"column":83},"end":{"line":157,"column":9},"skip":true}]},"15":{"line":159,"type":"binary-expr","locations":[{"start":{"line":159,"column":43},"end":{"line":159,"column":75},"skip":true},{"start":{"line":159,"column":79},"end":{"line":168,"column":9},"skip":true}]},"16":{"line":170,"type":"binary-expr","locations":[{"start":{"line":170,"column":41},"end":{"line":170,"column":71},"skip":true},{"start":{"line":170,"column":75},"end":{"line":179,"column":9},"skip":true}]}},"code":["/* istanbul instrument in package npmtest_fast_csv */","/*jslint","    bitwise: true,","    browser: true,","    maxerr: 8,","    maxlen: 96,","    node: true,","    nomen: true,","    regexp: true,","    stupid: true","*/","(function () {","    'use strict';","    var local;","","","","    // run shared js-env code - pre-init","    (function () {","        // init local","        local = {};","        // init modeJs","        local.modeJs = (function () {","            try {","                return typeof navigator.userAgent === 'string' &&","                    typeof document.querySelector('body') === 'object' &&","                    typeof XMLHttpRequest.prototype.open === 'function' &&","                    'browser';","            } catch (errorCaughtBrowser) {","                return module.exports &&","                    typeof process.versions.node === 'string' &&","                    typeof require('http').createServer === 'function' &&","                    'node';","            }","        }());","        // init global","        local.global = local.modeJs === 'browser'","            ? window","            : global;","        switch (local.modeJs) {","        // re-init local from window.local","        case 'browser':","            local = local.global.utility2.objectSetDefault(","                local.global.utility2_rollup || local.global.local,","                local.global.utility2","            );","            break;","        // re-init local from example.js","        case 'node':","            local = (local.global.utility2_rollup || require('utility2'))","                .requireExampleJsFromReadme();","            break;","        }","        // export local","        local.global.local = local;","    }());","","","","    // run shared js-env code - function","    (function () {","        return;","    }());","    switch (local.modeJs) {","","","","    // run browser js-env code - function","    case 'browser':","        break;","","","","    // run node js-env code - function","    case 'node':","        break;","    }","","","","    // run shared js-env code - post-init","    (function () {","        return;","    }());","    switch (local.modeJs) {","","","","    // run browser js-env code - post-init","    case 'browser':","        // run tests","        local.nop(local.modeTest &&","            document.querySelector('#testRunButton1') &&","            document.querySelector('#testRunButton1').click());","        break;","","","","    // run node js-env code - post-init","    /* istanbul ignore next */","    case 'node':","        local.testCase_buildApidoc_default = local.testCase_buildApidoc_default || function (","            options,","            onError","        ) {","        /*","         * this function will test buildApidoc's default handling-behavior-behavior","         */","            options = { modulePathList: module.paths };","            local.buildApidoc(options, onError);","        };","","        local.testCase_buildApp_default = local.testCase_buildApp_default || function (","            options,","            onError","        ) {","        /*","         * this function will test buildApp's default handling-behavior-behavior","         */","            local.testCase_buildReadme_default(options, local.onErrorThrow);","            local.testCase_buildLib_default(options, local.onErrorThrow);","            local.testCase_buildTest_default(options, local.onErrorThrow);","            local.testCase_buildCustomOrg_default(options, local.onErrorThrow);","            options = [];","            local.buildApp(options, onError);","        };","","        local.testCase_buildCustomOrg_default = local.testCase_buildCustomOrg_default ||","            function (options, onError) {","            /*","             * this function will test buildCustomOrg's default handling-behavior","             */","                options = {};","                local.buildCustomOrg(options, onError);","            };","","        local.testCase_buildLib_default = local.testCase_buildLib_default || function (","            options,","            onError","        ) {","        /*","         * this function will test buildLib's default handling-behavior","         */","            options = {};","            local.buildLib(options, onError);","        };","","        local.testCase_buildReadme_default = local.testCase_buildReadme_default || function (","            options,","            onError","        ) {","        /*","         * this function will test buildReadme's default handling-behavior-behavior","         */","            options = {};","            local.buildReadme(options, onError);","        };","","        local.testCase_buildTest_default = local.testCase_buildTest_default || function (","            options,","            onError","        ) {","        /*","         * this function will test buildTest's default handling-behavior","         */","            options = {};","            local.buildTest(options, onError);","        };","","        local.testCase_webpage_default = local.testCase_webpage_default || function (","            options,","            onError","        ) {","        /*","         * this function will test webpage's default handling-behavior","         */","            options = { modeCoverageMerge: true, url: local.serverLocalHost + '?modeTest=1' };","            local.browserTest(options, onError);","        };","","        // run test-server","        local.testRunServer(local);","        break;","    }","}());",""],"l":{"12":2,"14":2,"19":2,"21":2,"23":2,"24":2,"25":2,"30":1,"37":2,"40":2,"43":1,"47":1,"50":1,"52":1,"55":2,"61":2,"62":2,"64":2,"70":1,"76":1,"82":2,"83":2,"85":2,"92":1,"95":1,"102":1,"109":1,"110":1,"113":1,"120":1,"121":1,"122":1,"123":1,"124":1,"125":1,"128":1,"133":2,"134":2,"137":1,"144":2,"145":2,"148":1,"155":2,"156":2,"159":1,"166":2,"167":2,"170":1,"177":1,"178":1,"182":1,"183":1}},"/home/travis/build/npmtest/node-npmtest-fast-csv/lib.npmtest_fast_csv.js":{"path":"/home/travis/build/npmtest/node-npmtest-fast-csv/lib.npmtest_fast_csv.js","s":{"1":2,"2":2,"3":2,"4":2,"5":2,"6":2,"7":2,"8":1,"9":2,"10":2,"11":2,"12":2,"13":1,"14":1,"15":1,"16":1},"b":{"1":[2,1,1,1],"2":[1,1,1,1],"3":[1,1],"4":[2,2],"5":[1,1]},"f":{"1":2,"2":2,"3":2},"fnMap":{"1":{"name":"(anonymous_1)","line":12,"loc":{"start":{"line":12,"column":1},"end":{"line":12,"column":13}}},"2":{"name":"(anonymous_2)","line":19,"loc":{"start":{"line":19,"column":5},"end":{"line":19,"column":17}}},"3":{"name":"(anonymous_3)","line":23,"loc":{"start":{"line":23,"column":24},"end":{"line":23,"column":36}}}},"statementMap":{"1":{"start":{"line":12,"column":0},"end":{"line":53,"column":5}},"2":{"start":{"line":14,"column":4},"end":{"line":14,"column":14}},"3":{"start":{"line":19,"column":4},"end":{"line":52,"column":9}},"4":{"start":{"line":21,"column":8},"end":{"line":21,"column":19}},"5":{"start":{"line":23,"column":8},"end":{"line":35,"column":13}},"6":{"start":{"line":24,"column":12},"end":{"line":34,"column":13}},"7":{"start":{"line":25,"column":16},"end":{"line":28,"column":30}},"8":{"start":{"line":30,"column":16},"end":{"line":33,"column":27}},"9":{"start":{"line":37,"column":8},"end":{"line":39,"column":21}},"10":{"start":{"line":41,"column":8},"end":{"line":41,"column":54}},"11":{"start":{"line":43,"column":8},"end":{"line":43,"column":53}},"12":{"start":{"line":45,"column":8},"end":{"line":51,"column":9}},"13":{"start":{"line":46,"column":12},"end":{"line":46,"column":59}},"14":{"start":{"line":48,"column":12},"end":{"line":48,"column":35}},"15":{"start":{"line":49,"column":12},"end":{"line":49,"column":49}},"16":{"start":{"line":50,"column":12},"end":{"line":50,"column":43}}},"branchMap":{"1":{"line":25,"type":"binary-expr","locations":[{"start":{"line":25,"column":23},"end":{"line":25,"column":62}},{"start":{"line":26,"column":20},"end":{"line":26,"column":70}},{"start":{"line":27,"column":20},"end":{"line":27,"column":71}},{"start":{"line":28,"column":20},"end":{"line":28,"column":29}}]},"2":{"line":30,"type":"binary-expr","locations":[{"start":{"line":30,"column":23},"end":{"line":30,"column":37}},{"start":{"line":31,"column":20},"end":{"line":31,"column":61}},{"start":{"line":32,"column":20},"end":{"line":32,"column":70}},{"start":{"line":33,"column":20},"end":{"line":33,"column":26}}]},"3":{"line":37,"type":"cond-expr","locations":[{"start":{"line":38,"column":14},"end":{"line":38,"column":20}},{"start":{"line":39,"column":14},"end":{"line":39,"column":20}}]},"4":{"line":41,"type":"binary-expr","locations":[{"start":{"line":41,"column":16},"end":{"line":41,"column":44}},{"start":{"line":41,"column":48},"end":{"line":41,"column":53}}]},"5":{"line":45,"type":"if","locations":[{"start":{"line":45,"column":8},"end":{"line":45,"column":8}},{"start":{"line":45,"column":8},"end":{"line":45,"column":8}}]}},"code":["/* istanbul instrument in package npmtest_fast_csv */","/*jslint","    bitwise: true,","    browser: true,","    maxerr: 8,","    maxlen: 96,","    node: true,","    nomen: true,","    regexp: true,","    stupid: true","*/","(function () {","    'use strict';","    var local;","","","","    // run shared js-env code - pre-init","    (function () {","        // init local","        local = {};","        // init modeJs","        local.modeJs = (function () {","            try {","                return typeof navigator.userAgent === 'string' &&","                    typeof document.querySelector('body') === 'object' &&","                    typeof XMLHttpRequest.prototype.open === 'function' &&","                    'browser';","            } catch (errorCaughtBrowser) {","                return module.exports &&","                    typeof process.versions.node === 'string' &&","                    typeof require('http').createServer === 'function' &&","                    'node';","            }","        }());","        // init global","        local.global = local.modeJs === 'browser'","            ? window","            : global;","        // init utility2_rollup","        local = local.global.utility2_rollup || local;","        // init lib","        local.local = local.npmtest_fast_csv = local;","        // init exports","        if (local.modeJs === 'browser') {","            local.global.utility2_npmtest_fast_csv = local;","        } else {","            module.exports = local;","            module.exports.__dirname = __dirname;","            module.exports.module = module;","        }","    }());","}());",""],"l":{"12":2,"14":2,"19":2,"21":2,"23":2,"24":2,"25":2,"30":1,"37":2,"41":2,"43":2,"45":2,"46":1,"48":1,"49":1,"50":1}},"/home/travis/build/npmtest/node-npmtest-fast-csv/example.js":{"path":"/home/travis/build/npmtest/node-npmtest-fast-csv/example.js","s":{"1":2,"2":2,"3":2,"4":2,"5":2,"6":2,"7":2,"8":1,"9":2,"10":2,"11":2,"12":2,"13":1,"14":2,"15":2,"16":2,"17":2,"18":2,"19":0,"20":2,"21":1,"22":1,"23":1,"24":1,"25":1,"26":0,"27":0,"28":1,"29":1,"30":2,"31":0,"32":0,"33":0,"34":1,"35":2,"36":2,"37":2,"38":2,"39":2,"40":2,"41":0,"42":2,"43":2,"44":2,"45":1,"46":3,"47":1,"48":1,"49":1,"50":1,"51":1,"52":1,"53":1,"54":1,"55":1,"56":1,"57":0,"58":1,"59":6,"60":6,"61":1,"62":2,"63":0,"64":2,"65":1,"66":1,"67":0,"68":0,"69":0,"70":0,"71":0,"72":0,"73":0,"74":0,"75":0,"76":0,"77":0,"78":0,"79":0,"80":0,"81":0,"82":0,"83":0},"b":{"1":[2,1,1,1],"2":[1,1,1,1],"3":[1,1],"4":[2,2],"5":[1,1],"6":[1,1],"7":[2,0],"8":[2,1,1,1,1,1],"9":[0,2,0],"10":[1,1],"11":[2,1,1],"12":[1,0],"13":[0,2],"14":[2,0,0,0,0,0,0],"15":[0,2],"16":[2,0],"17":[1,1],"18":[0,1],"19":[1,2,0,2],"20":[1,0],"21":[1,1],"22":[0,0],"23":[0,0],"24":[0,0],"25":[0,0],"26":[0,0],"27":[0,0],"28":[0,0]},"f":{"1":2,"2":2,"3":2,"4":2,"5":2,"6":2,"7":2,"8":2,"9":3,"10":1,"11":6,"12":0},"fnMap":{"1":{"name":"(anonymous_1)","line":26,"loc":{"start":{"line":26,"column":1},"end":{"line":26,"column":13}}},"2":{"name":"(anonymous_2)","line":33,"loc":{"start":{"line":33,"column":5},"end":{"line":33,"column":17}}},"3":{"name":"(anonymous_3)","line":37,"loc":{"start":{"line":37,"column":24},"end":{"line":37,"column":36}}},"4":{"name":"(anonymous_4)","line":69,"loc":{"start":{"line":69,"column":31},"end":{"line":69,"column":48}},"skip":true},"5":{"name":"(anonymous_5)","line":78,"loc":{"start":{"line":78,"column":26},"end":{"line":78,"column":45}},"skip":true},"6":{"name":"(anonymous_6)","line":123,"loc":{"start":{"line":123,"column":33},"end":{"line":123,"column":48}},"skip":true},"7":{"name":"(anonymous_7)","line":125,"loc":{"start":{"line":125,"column":27},"end":{"line":125,"column":39}},"skip":true},"8":{"name":"(anonymous_8)","line":133,"loc":{"start":{"line":133,"column":59},"end":{"line":133,"column":74}},"skip":true},"9":{"name":"(anonymous_9)","line":143,"loc":{"start":{"line":143,"column":45},"end":{"line":143,"column":62}},"skip":true},"10":{"name":"(anonymous_10)","line":144,"loc":{"start":{"line":144,"column":73},"end":{"line":144,"column":92}},"skip":true},"11":{"name":"(anonymous_11)","line":272,"loc":{"start":{"line":272,"column":51},"end":{"line":272,"column":77}},"skip":true},"12":{"name":"(anonymous_12)","line":314,"loc":{"start":{"line":314,"column":32},"end":{"line":314,"column":61}},"skip":true}},"statementMap":{"1":{"start":{"line":26,"column":0},"end":{"line":325,"column":5}},"2":{"start":{"line":28,"column":4},"end":{"line":28,"column":14}},"3":{"start":{"line":33,"column":4},"end":{"line":60,"column":9}},"4":{"start":{"line":35,"column":8},"end":{"line":35,"column":19}},"5":{"start":{"line":37,"column":8},"end":{"line":49,"column":13}},"6":{"start":{"line":38,"column":12},"end":{"line":48,"column":13}},"7":{"start":{"line":39,"column":16},"end":{"line":42,"column":30}},"8":{"start":{"line":44,"column":16},"end":{"line":47,"column":27}},"9":{"start":{"line":51,"column":8},"end":{"line":53,"column":21}},"10":{"start":{"line":55,"column":8},"end":{"line":57,"column":45}},"11":{"start":{"line":59,"column":8},"end":{"line":59,"column":35}},"12":{"start":{"line":61,"column":4},"end":{"line":324,"column":5}},"13":{"start":{"line":69,"column":8},"end":{"line":121,"column":10},"skip":true},"14":{"start":{"line":70,"column":12},"end":{"line":88,"column":13},"skip":true},"15":{"start":{"line":76,"column":16},"end":{"line":87,"column":19},"skip":true},"16":{"start":{"line":79,"column":20},"end":{"line":86,"column":21},"skip":true},"17":{"start":{"line":82,"column":24},"end":{"line":82,"column":43},"skip":true},"18":{"start":{"line":83,"column":24},"end":{"line":83,"column":30},"skip":true},"19":{"start":{"line":85,"column":24},"end":{"line":85,"column":49},"skip":true},"20":{"start":{"line":89,"column":12},"end":{"line":107,"column":13},"skip":true},"21":{"start":{"line":92,"column":16},"end":{"line":102,"column":17},"skip":true},"22":{"start":{"line":93,"column":20},"end":{"line":93,"column":86},"skip":true},"23":{"start":{"line":94,"column":20},"end":{"line":95,"column":45},"skip":true},"24":{"start":{"line":96,"column":20},"end":{"line":96,"column":42},"skip":true},"25":{"start":{"line":97,"column":20},"end":{"line":97,"column":48},"skip":true},"26":{"start":{"line":100,"column":20},"end":{"line":100,"column":85},"skip":true},"27":{"start":{"line":101,"column":20},"end":{"line":101,"column":96},"skip":true},"28":{"start":{"line":103,"column":16},"end":{"line":103,"column":22},"skip":true},"29":{"start":{"line":106,"column":16},"end":{"line":106,"column":22},"skip":true},"30":{"start":{"line":108,"column":12},"end":{"line":120,"column":13},"skip":true},"31":{"start":{"line":114,"column":16},"end":{"line":119,"column":17},"skip":true},"32":{"start":{"line":116,"column":20},"end":{"line":116,"column":78},"skip":true},"33":{"start":{"line":118,"column":20},"end":{"line":118,"column":53},"skip":true},"34":{"start":{"line":123,"column":8},"end":{"line":141,"column":11},"skip":true},"35":{"start":{"line":124,"column":12},"end":{"line":124,"column":54},"skip":true},"36":{"start":{"line":125,"column":12},"end":{"line":140,"column":14},"skip":true},"37":{"start":{"line":126,"column":16},"end":{"line":126,"column":28},"skip":true},"38":{"start":{"line":127,"column":16},"end":{"line":127,"column":69},"skip":true},"39":{"start":{"line":128,"column":16},"end":{"line":128,"column":75},"skip":true},"40":{"start":{"line":129,"column":16},"end":{"line":131,"column":17},"skip":true},"41":{"start":{"line":130,"column":20},"end":{"line":130,"column":27},"skip":true},"42":{"start":{"line":133,"column":16},"end":{"line":137,"column":36},"skip":true},"43":{"start":{"line":134,"column":20},"end":{"line":136,"column":55},"skip":true},"44":{"start":{"line":139,"column":16},"end":{"line":139,"column":57},"skip":true},"45":{"start":{"line":143,"column":8},"end":{"line":147,"column":11},"skip":true},"46":{"start":{"line":144,"column":12},"end":{"line":146,"column":15},"skip":true},"47":{"start":{"line":145,"column":16},"end":{"line":145,"column":70},"skip":true},"48":{"start":{"line":149,"column":8},"end":{"line":149,"column":31},"skip":true},"49":{"start":{"line":150,"column":8},"end":{"line":150,"column":14},"skip":true},"50":{"start":{"line":158,"column":8},"end":{"line":158,"column":31},"skip":true},"51":{"start":{"line":160,"column":8},"end":{"line":160,"column":33},"skip":true},"52":{"start":{"line":161,"column":8},"end":{"line":161,"column":37},"skip":true},"53":{"start":{"line":162,"column":8},"end":{"line":162,"column":35},"skip":true},"54":{"start":{"line":164,"column":8},"end":{"line":164,"column":50},"skip":true},"55":{"start":{"line":166,"column":8},"end":{"line":256,"column":2},"skip":true},"56":{"start":{"line":258,"column":8},"end":{"line":286,"column":9},"skip":true},"57":{"start":{"line":259,"column":12},"end":{"line":269,"column":14},"skip":true},"58":{"start":{"line":271,"column":12},"end":{"line":285,"column":19},"skip":true},"59":{"start":{"line":274,"column":20},"end":{"line":274,"column":35},"skip":true},"60":{"start":{"line":275,"column":20},"end":{"line":284,"column":21},"skip":true},"61":{"start":{"line":277,"column":24},"end":{"line":277,"column":64},"skip":true},"62":{"start":{"line":279,"column":24},"end":{"line":279,"column":40},"skip":true},"63":{"start":{"line":281,"column":24},"end":{"line":281,"column":40},"skip":true},"64":{"start":{"line":283,"column":24},"end":{"line":283,"column":39},"skip":true},"65":{"start":{"line":288,"column":8},"end":{"line":290,"column":9},"skip":true},"66":{"start":{"line":289,"column":12},"end":{"line":289,"column":18},"skip":true},"67":{"start":{"line":291,"column":8},"end":{"line":293,"column":54},"skip":true},"68":{"start":{"line":294,"column":8},"end":{"line":301,"column":37},"skip":true},"69":{"start":{"line":302,"column":8},"end":{"line":302,"column":82},"skip":true},"70":{"start":{"line":305,"column":8},"end":{"line":307,"column":9},"skip":true},"71":{"start":{"line":306,"column":12},"end":{"line":306,"column":82},"skip":true},"72":{"start":{"line":309,"column":8},"end":{"line":311,"column":9},"skip":true},"73":{"start":{"line":310,"column":12},"end":{"line":310,"column":18},"skip":true},"74":{"start":{"line":312,"column":8},"end":{"line":312,"column":54},"skip":true},"75":{"start":{"line":313,"column":8},"end":{"line":313,"column":69},"skip":true},"76":{"start":{"line":314,"column":8},"end":{"line":322,"column":36},"skip":true},"77":{"start":{"line":315,"column":12},"end":{"line":315,"column":61},"skip":true},"78":{"start":{"line":316,"column":12},"end":{"line":319,"column":13},"skip":true},"79":{"start":{"line":317,"column":16},"end":{"line":317,"column":75},"skip":true},"80":{"start":{"line":318,"column":16},"end":{"line":318,"column":23},"skip":true},"81":{"start":{"line":320,"column":12},"end":{"line":320,"column":38},"skip":true},"82":{"start":{"line":321,"column":12},"end":{"line":321,"column":27},"skip":true},"83":{"start":{"line":323,"column":8},"end":{"line":323,"column":14},"skip":true}},"branchMap":{"1":{"line":39,"type":"binary-expr","locations":[{"start":{"line":39,"column":23},"end":{"line":39,"column":62}},{"start":{"line":40,"column":20},"end":{"line":40,"column":70}},{"start":{"line":41,"column":20},"end":{"line":41,"column":71}},{"start":{"line":42,"column":20},"end":{"line":42,"column":29}}]},"2":{"line":44,"type":"binary-expr","locations":[{"start":{"line":44,"column":23},"end":{"line":44,"column":37}},{"start":{"line":45,"column":20},"end":{"line":45,"column":61}},{"start":{"line":46,"column":20},"end":{"line":46,"column":70}},{"start":{"line":47,"column":20},"end":{"line":47,"column":26}}]},"3":{"line":51,"type":"cond-expr","locations":[{"start":{"line":52,"column":14},"end":{"line":52,"column":20}},{"start":{"line":53,"column":14},"end":{"line":53,"column":20}}]},"4":{"line":55,"type":"binary-expr","locations":[{"start":{"line":55,"column":16},"end":{"line":55,"column":44}},{"start":{"line":55,"column":49},"end":{"line":57,"column":43}}]},"5":{"line":55,"type":"cond-expr","locations":[{"start":{"line":56,"column":14},"end":{"line":56,"column":52}},{"start":{"line":57,"column":14},"end":{"line":57,"column":43}}]},"6":{"line":61,"type":"switch","locations":[{"start":{"line":68,"column":4},"end":{"line":150,"column":14},"skip":true},{"start":{"line":156,"column":4},"end":{"line":323,"column":14},"skip":true}]},"7":{"line":70,"type":"if","locations":[{"start":{"line":70,"column":12},"end":{"line":70,"column":12},"skip":true},{"start":{"line":70,"column":12},"end":{"line":70,"column":12},"skip":true}]},"8":{"line":70,"type":"binary-expr","locations":[{"start":{"line":70,"column":16},"end":{"line":70,"column":22},"skip":true},{"start":{"line":70,"column":27},"end":{"line":70,"column":32},"skip":true},{"start":{"line":71,"column":20},"end":{"line":71,"column":39},"skip":true},{"start":{"line":72,"column":20},"end":{"line":72,"column":49},"skip":true},{"start":{"line":73,"column":20},"end":{"line":73,"column":58},"skip":true},{"start":{"line":74,"column":20},"end":{"line":74,"column":69},"skip":true}]},"9":{"line":79,"type":"switch","locations":[{"start":{"line":80,"column":20},"end":{"line":80,"column":33},"skip":true},{"start":{"line":81,"column":20},"end":{"line":83,"column":30},"skip":true},{"start":{"line":84,"column":20},"end":{"line":85,"column":49},"skip":true}]},"10":{"line":89,"type":"switch","locations":[{"start":{"line":90,"column":12},"end":{"line":103,"column":22},"skip":true},{"start":{"line":105,"column":12},"end":{"line":106,"column":22},"skip":true}]},"11":{"line":89,"type":"binary-expr","locations":[{"start":{"line":89,"column":20},"end":{"line":89,"column":25},"skip":true},{"start":{"line":89,"column":29},"end":{"line":89,"column":48},"skip":true},{"start":{"line":89,"column":52},"end":{"line":89,"column":74},"skip":true}]},"12":{"line":92,"type":"if","locations":[{"start":{"line":92,"column":16},"end":{"line":92,"column":16},"skip":true},{"start":{"line":92,"column":16},"end":{"line":92,"column":16},"skip":true}]},"13":{"line":108,"type":"if","locations":[{"start":{"line":108,"column":12},"end":{"line":108,"column":12},"skip":true},{"start":{"line":108,"column":12},"end":{"line":108,"column":12},"skip":true}]},"14":{"line":108,"type":"binary-expr","locations":[{"start":{"line":108,"column":16},"end":{"line":108,"column":61},"skip":true},{"start":{"line":108,"column":66},"end":{"line":108,"column":72},"skip":true},{"start":{"line":108,"column":77},"end":{"line":108,"column":82},"skip":true},{"start":{"line":109,"column":20},"end":{"line":109,"column":39},"skip":true},{"start":{"line":110,"column":20},"end":{"line":110,"column":49},"skip":true},{"start":{"line":111,"column":20},"end":{"line":111,"column":58},"skip":true},{"start":{"line":112,"column":20},"end":{"line":112,"column":68},"skip":true}]},"15":{"line":129,"type":"if","locations":[{"start":{"line":129,"column":16},"end":{"line":129,"column":16},"skip":true},{"start":{"line":129,"column":16},"end":{"line":129,"column":16},"skip":true}]},"16":{"line":134,"type":"cond-expr","locations":[{"start":{"line":135,"column":26},"end":{"line":135,"column":29},"skip":true},{"start":{"line":136,"column":26},"end":{"line":136,"column":54},"skip":true}]},"17":{"line":164,"type":"binary-expr","locations":[{"start":{"line":164,"column":27},"end":{"line":164,"column":43},"skip":true},{"start":{"line":164,"column":47},"end":{"line":164,"column":49},"skip":true}]},"18":{"line":258,"type":"if","locations":[{"start":{"line":258,"column":8},"end":{"line":258,"column":8},"skip":true},{"start":{"line":258,"column":8},"end":{"line":258,"column":8},"skip":true}]},"19":{"line":275,"type":"switch","locations":[{"start":{"line":276,"column":20},"end":{"line":277,"column":64},"skip":true},{"start":{"line":278,"column":20},"end":{"line":279,"column":40},"skip":true},{"start":{"line":280,"column":20},"end":{"line":281,"column":40},"skip":true},{"start":{"line":282,"column":20},"end":{"line":283,"column":39},"skip":true}]},"20":{"line":288,"type":"if","locations":[{"start":{"line":288,"column":8},"end":{"line":288,"column":8},"skip":true},{"start":{"line":288,"column":8},"end":{"line":288,"column":8},"skip":true}]},"21":{"line":288,"type":"binary-expr","locations":[{"start":{"line":288,"column":12},"end":{"line":288,"column":40},"skip":true},{"start":{"line":288,"column":44},"end":{"line":288,"column":67},"skip":true}]},"22":{"line":292,"type":"binary-expr","locations":[{"start":{"line":292,"column":12},"end":{"line":292,"column":50},"skip":true},{"start":{"line":293,"column":12},"end":{"line":293,"column":53},"skip":true}]},"23":{"line":295,"type":"binary-expr","locations":[{"start":{"line":295,"column":12},"end":{"line":295,"column":66},"skip":true},{"start":{"line":296,"column":12},"end":{"line":301,"column":36},"skip":true}]},"24":{"line":302,"type":"binary-expr","locations":[{"start":{"line":302,"column":43},"end":{"line":302,"column":75},"skip":true},{"start":{"line":302,"column":79},"end":{"line":302,"column":81},"skip":true}]},"25":{"line":305,"type":"if","locations":[{"start":{"line":305,"column":8},"end":{"line":305,"column":8},"skip":true},{"start":{"line":305,"column":8},"end":{"line":305,"column":8},"skip":true}]},"26":{"line":309,"type":"if","locations":[{"start":{"line":309,"column":8},"end":{"line":309,"column":8},"skip":true},{"start":{"line":309,"column":8},"end":{"line":309,"column":8},"skip":true}]},"27":{"line":312,"type":"binary-expr","locations":[{"start":{"line":312,"column":27},"end":{"line":312,"column":43},"skip":true},{"start":{"line":312,"column":47},"end":{"line":312,"column":53},"skip":true}]},"28":{"line":316,"type":"if","locations":[{"start":{"line":316,"column":12},"end":{"line":316,"column":12},"skip":true},{"start":{"line":316,"column":12},"end":{"line":316,"column":12},"skip":true}]}},"code":["/*","example.js","","quickstart example","","instruction","    1. save this script as example.js","    2. run the shell command:","        $ npm install npmtest-fast-csv && PORT=8081 node example.js","    3. play with the browser-demo on http://127.0.0.1:8081","*/","","","","/* istanbul instrument in package npmtest_fast_csv */","/*jslint","    bitwise: true,","    browser: true,","    maxerr: 8,","    maxlen: 96,","    node: true,","    nomen: true,","    regexp: true,","    stupid: true","*/","(function () {","    'use strict';","    var local;","","","","    // run shared js-env code - pre-init","    (function () {","        // init local","        local = {};","        // init modeJs","        local.modeJs = (function () {","            try {","                return typeof navigator.userAgent === 'string' &&","                    typeof document.querySelector('body') === 'object' &&","                    typeof XMLHttpRequest.prototype.open === 'function' &&","                    'browser';","            } catch (errorCaughtBrowser) {","                return module.exports &&","                    typeof process.versions.node === 'string' &&","                    typeof require('http').createServer === 'function' &&","                    'node';","            }","        }());","        // init global","        local.global = local.modeJs === 'browser'","            ? window","            : global;","        // init utility2_rollup","        local = local.global.utility2_rollup || (local.modeJs === 'browser'","            ? local.global.utility2_npmtest_fast_csv","            : global.utility2_moduleExports);","        // export local","        local.global.local = local;","    }());","    switch (local.modeJs) {","","","","    // post-init","    // run browser js-env code - post-init","    /* istanbul ignore next */","    case 'browser':","        local.testRunBrowser = function (event) {","            if (!event || (event &&","                    event.currentTarget &&","                    event.currentTarget.className &&","                    event.currentTarget.className.includes &&","                    event.currentTarget.className.includes('onreset'))) {","                // reset output","                Array.from(","                    document.querySelectorAll('body > .resettable')","                ).forEach(function (element) {","                    switch (element.tagName) {","                    case 'INPUT':","                    case 'TEXTAREA':","                        element.value = '';","                        break;","                    default:","                        element.textContent = '';","                    }","                });","            }","            switch (event && event.currentTarget && event.currentTarget.id) {","            case 'testRunButton1':","                // show tests","                if (document.querySelector('#testReportDiv1').style.display === 'none') {","                    document.querySelector('#testReportDiv1').style.display = 'block';","                    document.querySelector('#testRunButton1').textContent =","                        'hide internal test';","                    local.modeTest = true;","                    local.testRunDefault(local);","                // hide tests","                } else {","                    document.querySelector('#testReportDiv1').style.display = 'none';","                    document.querySelector('#testRunButton1').textContent = 'run internal test';","                }","                break;","            // custom-case","            default:","                break;","            }","            if (document.querySelector('#inputTextareaEval1') && (!event || (event &&","                    event.currentTarget &&","                    event.currentTarget.className &&","                    event.currentTarget.className.includes &&","                    event.currentTarget.className.includes('oneval')))) {","                // try to eval input-code","                try {","                    /*jslint evil: true*/","                    eval(document.querySelector('#inputTextareaEval1').value);","                } catch (errorCaught) {","                    console.error(errorCaught.stack);","                }","            }","        };","        // log stderr and stdout to #outputTextareaStdout1","        ['error', 'log'].forEach(function (key) {","            console[key + '_original'] = console[key];","            console[key] = function () {","                var element;","                console[key + '_original'].apply(console, arguments);","                element = document.querySelector('#outputTextareaStdout1');","                if (!element) {","                    return;","                }","                // append text to #outputTextareaStdout1","                element.value += Array.from(arguments).map(function (arg) {","                    return typeof arg === 'string'","                        ? arg","                        : JSON.stringify(arg, null, 4);","                }).join(' ') + '\\n';","                // scroll textarea to bottom","                element.scrollTop = element.scrollHeight;","            };","        });","        // init event-handling","        ['change', 'click', 'keyup'].forEach(function (event) {","            Array.from(document.querySelectorAll('.on' + event)).forEach(function (element) {","                element.addEventListener(event, local.testRunBrowser);","            });","        });","        // run tests","        local.testRunBrowser();","        break;","","","","    // run node js-env code - post-init","    /* istanbul ignore next */","    case 'node':","        // export local","        module.exports = local;","        // require modules","        local.fs = require('fs');","        local.http = require('http');","        local.url = require('url');","        // init assets","        local.assetsDict = local.assetsDict || {};","        /* jslint-ignore-begin */","        local.assetsDict['/assets.index.template.html'] = '\\","<!doctype html>\\n\\","<html lang=\"en\">\\n\\","<head>\\n\\","<meta charset=\"UTF-8\">\\n\\","<meta name=\"viewport\" content=\"width=device-width, initial-scale=1\">\\n\\","<title>{{env.npm_package_name}} (v{{env.npm_package_version}})</title>\\n\\","<style>\\n\\","/*csslint\\n\\","    box-sizing: false,\\n\\","    universal-selector: false\\n\\","*/\\n\\","* {\\n\\","    box-sizing: border-box;\\n\\","}\\n\\","body {\\n\\","    background: #dde;\\n\\","    font-family: Arial, Helvetica, sans-serif;\\n\\","    margin: 2rem;\\n\\","}\\n\\","body > * {\\n\\","    margin-bottom: 1rem;\\n\\","}\\n\\",".utility2FooterDiv {\\n\\","    margin-top: 20px;\\n\\","    text-align: center;\\n\\","}\\n\\","</style>\\n\\","<style>\\n\\","/*csslint\\n\\","*/\\n\\","textarea {\\n\\","    font-family: monospace;\\n\\","    height: 10rem;\\n\\","    width: 100%;\\n\\","}\\n\\","textarea[readonly] {\\n\\","    background: #ddd;\\n\\","}\\n\\","</style>\\n\\","</head>\\n\\","<body>\\n\\","<!-- utility2-comment\\n\\","<div id=\"ajaxProgressDiv1\" style=\"background: #d00; height: 2px; left: 0; margin: 0; padding: 0; position: fixed; top: 0; transition: background 0.5s, width 1.5s; width: 25%;\"></div>\\n\\","utility2-comment -->\\n\\","<h1>\\n\\","<!-- utility2-comment\\n\\","    <a\\n\\","        {{#if env.npm_package_homepage}}\\n\\","        href=\"{{env.npm_package_homepage}}\"\\n\\","        {{/if env.npm_package_homepage}}\\n\\","        target=\"_blank\"\\n\\","    >\\n\\","utility2-comment -->\\n\\","        {{env.npm_package_name}} (v{{env.npm_package_version}})\\n\\","<!-- utility2-comment\\n\\","    </a>\\n\\","utility2-comment -->\\n\\","</h1>\\n\\","<h3>{{env.npm_package_description}}</h3>\\n\\","<!-- utility2-comment\\n\\","<h4><a download href=\"assets.app.js\">download standalone app</a></h4>\\n\\","<button class=\"onclick onreset\" id=\"testRunButton1\">run internal test</button><br>\\n\\","<div id=\"testReportDiv1\" style=\"display: none;\"></div>\\n\\","utility2-comment -->\\n\\","\\n\\","\\n\\","\\n\\","<label>stderr and stdout</label>\\n\\","<textarea class=\"resettable\" id=\"outputTextareaStdout1\" readonly></textarea>\\n\\","<!-- utility2-comment\\n\\","{{#if isRollup}}\\n\\","<script src=\"assets.app.js\"></script>\\n\\","{{#unless isRollup}}\\n\\","utility2-comment -->\\n\\","<script src=\"assets.utility2.rollup.js\"></script>\\n\\","<script src=\"jsonp.utility2._stateInit?callback=window.utility2._stateInit\"></script>\\n\\","<script src=\"assets.npmtest_fast_csv.rollup.js\"></script>\\n\\","<script src=\"assets.example.js\"></script>\\n\\","<script src=\"assets.test.js\"></script>\\n\\","<!-- utility2-comment\\n\\","{{/if isRollup}}\\n\\","utility2-comment -->\\n\\","<div class=\"utility2FooterDiv\">\\n\\","    [ this app was created with\\n\\","    <a href=\"https://github.com/kaizhu256/node-utility2\" target=\"_blank\">utility2</a>\\n\\","    ]\\n\\","</div>\\n\\","</body>\\n\\","</html>\\n\\","';","        /* jslint-ignore-end */","        if (local.templateRender) {","            local.assetsDict['/'] = local.templateRender(","                local.assetsDict['/assets.index.template.html'],","                {","                    env: local.objectSetDefault(local.env, {","                        npm_package_description: 'the greatest app in the world!',","                        npm_package_name: 'my-app',","                        npm_package_nameAlias: 'my_app',","                        npm_package_version: '0.0.1'","                    })","                }","            );","        } else {","            local.assetsDict['/'] = local.assetsDict['/assets.index.template.html']","                .replace((/\\{\\{env\\.(\\w+?)\\}\\}/g), function (match0, match1) {","                    // jslint-hack","                    String(match0);","                    switch (match1) {","                    case 'npm_package_description':","                        return 'the greatest app in the world!';","                    case 'npm_package_name':","                        return 'my-app';","                    case 'npm_package_nameAlias':","                        return 'my_app';","                    case 'npm_package_version':","                        return '0.0.1';","                    }","                });","        }","        // run the cli","        if (local.global.utility2_rollup || module !== require.main) {","            break;","        }","        local.assetsDict['/assets.example.js'] =","            local.assetsDict['/assets.example.js'] ||","            local.fs.readFileSync(__filename, 'utf8');","        local.assetsDict['/assets.npmtest_fast_csv.rollup.js'] =","            local.assetsDict['/assets.npmtest_fast_csv.rollup.js'] ||","            local.fs.readFileSync(","                // buildCustomOrg-hack","                local.npmtest_fast_csv.__dirname +","                    '/lib.npmtest_fast_csv.js',","                'utf8'","            ).replace((/^#!/), '//');","        local.assetsDict['/favicon.ico'] = local.assetsDict['/favicon.ico'] || '';","        // if $npm_config_timeout_exit exists,","        // then exit this process after $npm_config_timeout_exit ms","        if (Number(process.env.npm_config_timeout_exit)) {","            setTimeout(process.exit, Number(process.env.npm_config_timeout_exit));","        }","        // start server","        if (local.global.utility2_serverHttp1) {","            break;","        }","        process.env.PORT = process.env.PORT || '8081';","        console.error('server starting on port ' + process.env.PORT);","        local.http.createServer(function (request, response) {","            request.urlParsed = local.url.parse(request.url);","            if (local.assetsDict[request.urlParsed.pathname] !== undefined) {","                response.end(local.assetsDict[request.urlParsed.pathname]);","                return;","            }","            response.statusCode = 404;","            response.end();","        }).listen(process.env.PORT);","        break;","    }","}());",""],"l":{"26":2,"28":2,"33":2,"35":2,"37":2,"38":2,"39":2,"44":1,"51":2,"55":2,"59":2,"61":2,"69":1,"70":2,"76":2,"79":2,"82":2,"83":2,"85":1,"89":2,"92":1,"93":1,"94":1,"96":1,"97":1,"100":1,"101":1,"103":1,"106":1,"108":2,"114":1,"116":1,"118":1,"123":1,"124":2,"125":2,"126":2,"127":2,"128":2,"129":2,"130":1,"133":2,"134":2,"139":2,"143":1,"144":3,"145":1,"149":1,"150":1,"158":1,"160":1,"161":1,"162":1,"164":1,"166":1,"258":1,"259":1,"271":1,"274":6,"275":6,"277":1,"279":2,"281":1,"283":2,"288":1,"289":1,"291":1,"294":1,"302":1,"305":1,"306":1,"309":1,"310":1,"312":1,"313":1,"314":1,"315":1,"316":1,"317":1,"318":1,"320":1,"321":1,"323":1}},"/home/travis/build/npmtest/node-npmtest-fast-csv/fast-csv/index.js":{"path":"/home/travis/build/npmtest/node-npmtest-fast-csv/fast-csv/index.js","s":{"1":1},"b":{},"f":{},"fnMap":{},"statementMap":{"1":{"start":{"line":1,"column":0},"end":{"line":1,"column":34}}},"branchMap":{},"code":["module.exports = require(\"./lib\");"],"l":{"1":1}},"/home/travis/build/npmtest/node-npmtest-fast-csv/fast-csv/lib/index.js":{"path":"/home/travis/build/npmtest/node-npmtest-fast-csv/fast-csv/lib/index.js","s":{"1":1,"2":1,"3":0,"4":1,"5":1,"6":1,"7":1,"8":1,"9":1,"10":1,"11":1,"12":1,"13":1,"14":1,"15":1,"16":1},"b":{},"f":{"1":0},"fnMap":{"1":{"name":"csv","line":12,"loc":{"start":{"line":12,"column":0},"end":{"line":12,"column":15}}}},"statementMap":{"1":{"start":{"line":8,"column":0},"end":{"line":10,"column":39}},"2":{"start":{"line":12,"column":0},"end":{"line":14,"column":1}},"3":{"start":{"line":13,"column":4},"end":{"line":13,"column":43}},"4":{"start":{"line":16,"column":0},"end":{"line":16,"column":16}},"5":{"start":{"line":17,"column":0},"end":{"line":17,"column":35}},"6":{"start":{"line":18,"column":0},"end":{"line":18,"column":31}},"7":{"start":{"line":19,"column":0},"end":{"line":19,"column":35}},"8":{"start":{"line":20,"column":0},"end":{"line":20,"column":23}},"9":{"start":{"line":21,"column":0},"end":{"line":21,"column":28}},"10":{"start":{"line":22,"column":0},"end":{"line":22,"column":44}},"11":{"start":{"line":23,"column":0},"end":{"line":23,"column":44}},"12":{"start":{"line":24,"column":0},"end":{"line":24,"column":44}},"13":{"start":{"line":25,"column":0},"end":{"line":25,"column":40}},"14":{"start":{"line":26,"column":0},"end":{"line":26,"column":52}},"15":{"start":{"line":27,"column":0},"end":{"line":27,"column":51}},"16":{"start":{"line":29,"column":0},"end":{"line":29,"column":21}}},"branchMap":{},"code":["/**"," * @projectName fast-csv"," * @github https://github.com/C2FO/fast-csv"," * @includeDoc [Change Log] ../History.md"," * @header [../README.md]"," */","","var fs = require(\"fs\"),","    parser = require(\"./parser\"),","    formatter = require(\"./formatter\");","","function csv() {","    return parser.apply(void 0, arguments);","}","","csv.parse = csv;","csv.fromString = parser.fromString;","csv.fromPath = parser.fromPath;","csv.fromStream = parser.fromStream;","csv.format = formatter;","csv.write = formatter.write;","csv.writeToStream = formatter.writeToStream;","csv.writeToString = formatter.writeToString;","csv.writeToBuffer = formatter.writeToBuffer;","csv.writeToPath = formatter.writeToPath;","csv.createWriteStream = formatter.createWriteStream;","csv.createReadStream = formatter.createWriteStream;","","module.exports = csv;"],"l":{"8":1,"12":1,"13":0,"16":1,"17":1,"18":1,"19":1,"20":1,"21":1,"22":1,"23":1,"24":1,"25":1,"26":1,"27":1,"29":1}},"/home/travis/build/npmtest/node-npmtest-fast-csv/fast-csv/lib/parser/index.js":{"path":"/home/travis/build/npmtest/node-npmtest-fast-csv/fast-csv/lib/parser/index.js","s":{"1":1,"2":1,"3":0,"4":1,"5":0,"6":1,"7":0,"8":1,"9":0,"10":0,"11":0,"12":0,"13":1,"14":1,"15":1,"16":1},"b":{},"f":{"1":0,"2":0,"3":0,"4":0},"fnMap":{"1":{"name":"parse","line":8,"loc":{"start":{"line":8,"column":0},"end":{"line":8,"column":24}}},"2":{"name":"fromStream","line":12,"loc":{"start":{"line":12,"column":0},"end":{"line":12,"column":37}}},"3":{"name":"fromPath","line":16,"loc":{"start":{"line":16,"column":0},"end":{"line":16,"column":37}}},"4":{"name":"fromString","line":20,"loc":{"start":{"line":20,"column":0},"end":{"line":20,"column":37}}}},"statementMap":{"1":{"start":{"line":1,"column":0},"end":{"line":5,"column":46}},"2":{"start":{"line":8,"column":0},"end":{"line":10,"column":1}},"3":{"start":{"line":9,"column":4},"end":{"line":9,"column":37}},"4":{"start":{"line":12,"column":0},"end":{"line":14,"column":1}},"5":{"start":{"line":13,"column":4},"end":{"line":13,"column":50}},"6":{"start":{"line":16,"column":0},"end":{"line":18,"column":1}},"7":{"start":{"line":17,"column":4},"end":{"line":17,"column":73}},"8":{"start":{"line":20,"column":0},"end":{"line":25,"column":1}},"9":{"start":{"line":21,"column":4},"end":{"line":21,"column":35}},"10":{"start":{"line":22,"column":4},"end":{"line":22,"column":20}},"11":{"start":{"line":23,"column":4},"end":{"line":23,"column":18}},"12":{"start":{"line":24,"column":4},"end":{"line":24,"column":46}},"13":{"start":{"line":27,"column":0},"end":{"line":27,"column":30}},"14":{"start":{"line":28,"column":0},"end":{"line":28,"column":26}},"15":{"start":{"line":29,"column":0},"end":{"line":29,"column":30}},"16":{"start":{"line":30,"column":0},"end":{"line":30,"column":23}}},"branchMap":{},"code":["var extended = require(\"../extended\"),","    out = process.stdout,","    stream = require(\"stream\"),","    fs = require(\"fs\"),","    ParserStream = require('./parser_stream');","","","function parse(options) {","    return new ParserStream(options);","}","","function fromStream(stream, options) {","    return stream.pipe(new ParserStream(options));","}","","function fromPath(location, options) {","    return fs.createReadStream(location).pipe(new ParserStream(options));","}","","function fromString(string, options) {","    var rs = new stream.Readable();","    rs.push(string);","    rs.push(null);","    return rs.pipe(new ParserStream(options));","}","","parse.fromStream = fromStream;","parse.fromPath = fromPath;","parse.fromString = fromString;","module.exports = parse;",""],"l":{"1":1,"8":1,"9":0,"12":1,"13":0,"16":1,"17":0,"20":1,"21":0,"22":0,"23":0,"24":0,"27":1,"28":1,"29":1,"30":1}},"/home/travis/build/npmtest/node-npmtest-fast-csv/fast-csv/lib/extended.js":{"path":"/home/travis/build/npmtest/node-npmtest-fast-csv/fast-csv/lib/extended.js","s":{"1":1,"2":1,"3":0,"4":0,"5":0,"6":0,"7":0,"8":0,"9":0,"10":0,"11":0,"12":0,"13":0,"14":0,"15":0,"16":0,"17":0,"18":0,"19":0,"20":0,"21":0,"22":0,"23":0,"24":0,"25":0,"26":0,"27":0,"28":0,"29":0},"b":{"1":[0,0],"2":[0,0],"3":[0,0],"4":[0,0,0,0,0],"5":[0,0],"6":[0,0]},"f":{"1":0,"2":0,"3":0,"4":0,"5":0,"6":0},"fnMap":{"1":{"name":"(anonymous_1)","line":8,"loc":{"start":{"line":8,"column":27},"end":{"line":8,"column":52}}},"2":{"name":"asyncIterator","line":11,"loc":{"start":{"line":11,"column":9},"end":{"line":11,"column":48}}},"3":{"name":"(anonymous_3)","line":13,"loc":{"start":{"line":13,"column":30},"end":{"line":13,"column":45}}},"4":{"name":"(anonymous_4)","line":19,"loc":{"start":{"line":19,"column":41},"end":{"line":19,"column":53}}},"5":{"name":"spreadArgs","line":33,"loc":{"start":{"line":33,"column":28},"end":{"line":33,"column":64}}},"6":{"name":"(anonymous_6)","line":53,"loc":{"start":{"line":53,"column":22},"end":{"line":53,"column":37}}}},"statementMap":{"1":{"start":{"line":1,"column":0},"end":{"line":2,"column":45}},"2":{"start":{"line":3,"column":0},"end":{"line":61,"column":7}},"3":{"start":{"line":11,"column":8},"end":{"line":31,"column":36}},"4":{"start":{"line":12,"column":12},"end":{"line":30,"column":13}},"5":{"start":{"line":13,"column":16},"end":{"line":26,"column":19}},"6":{"start":{"line":14,"column":20},"end":{"line":25,"column":21}},"7":{"start":{"line":15,"column":24},"end":{"line":15,"column":32}},"8":{"start":{"line":17,"column":24},"end":{"line":24,"column":25}},"9":{"start":{"line":19,"column":28},"end":{"line":21,"column":31}},"10":{"start":{"line":20,"column":32},"end":{"line":20,"column":62}},"11":{"start":{"line":23,"column":28},"end":{"line":23,"column":58}},"12":{"start":{"line":29,"column":16},"end":{"line":29,"column":30}},"13":{"start":{"line":34,"column":8},"end":{"line":34,"column":16}},"14":{"start":{"line":35,"column":8},"end":{"line":50,"column":9}},"15":{"start":{"line":37,"column":16},"end":{"line":37,"column":36}},"16":{"start":{"line":38,"column":16},"end":{"line":38,"column":22}},"17":{"start":{"line":40,"column":16},"end":{"line":40,"column":45}},"18":{"start":{"line":41,"column":16},"end":{"line":41,"column":22}},"19":{"start":{"line":43,"column":16},"end":{"line":43,"column":54}},"20":{"start":{"line":44,"column":16},"end":{"line":44,"column":22}},"21":{"start":{"line":46,"column":16},"end":{"line":46,"column":63}},"22":{"start":{"line":47,"column":16},"end":{"line":47,"column":22}},"23":{"start":{"line":49,"column":16},"end":{"line":49,"column":43}},"24":{"start":{"line":51,"column":8},"end":{"line":51,"column":19}},"25":{"start":{"line":54,"column":8},"end":{"line":54,"column":21}},"26":{"start":{"line":55,"column":8},"end":{"line":59,"column":9}},"27":{"start":{"line":56,"column":12},"end":{"line":58,"column":13}},"28":{"start":{"line":57,"column":16},"end":{"line":57,"column":28}},"29":{"start":{"line":60,"column":8},"end":{"line":60,"column":19}}},"branchMap":{"1":{"line":12,"type":"if","locations":[{"start":{"line":12,"column":12},"end":{"line":12,"column":12}},{"start":{"line":12,"column":12},"end":{"line":12,"column":12}}]},"2":{"line":14,"type":"if","locations":[{"start":{"line":14,"column":20},"end":{"line":14,"column":20}},{"start":{"line":14,"column":20},"end":{"line":14,"column":20}}]},"3":{"line":17,"type":"if","locations":[{"start":{"line":17,"column":24},"end":{"line":17,"column":24}},{"start":{"line":17,"column":24},"end":{"line":17,"column":24}}]},"4":{"line":35,"type":"switch","locations":[{"start":{"line":36,"column":12},"end":{"line":38,"column":22}},{"start":{"line":39,"column":12},"end":{"line":41,"column":22}},{"start":{"line":42,"column":12},"end":{"line":44,"column":22}},{"start":{"line":45,"column":12},"end":{"line":47,"column":22}},{"start":{"line":48,"column":12},"end":{"line":49,"column":43}}]},"5":{"line":35,"type":"binary-expr","locations":[{"start":{"line":35,"column":17},"end":{"line":35,"column":21}},{"start":{"line":35,"column":25},"end":{"line":35,"column":27}}]},"6":{"line":56,"type":"if","locations":[{"start":{"line":56,"column":12},"end":{"line":56,"column":12}},{"start":{"line":56,"column":12},"end":{"line":56,"column":12}}]}},"code":["var is = require(\"is-extended\"),","    hasOwn = Object.prototype.hasOwnProperty;","module.exports = require(\"extended\")()","    .register(is)","    .register(require(\"object-extended\"))","    .register(require(\"string-extended\"))","    .register(\"LINE_BREAK\", require(\"os\").EOL)","    .register(\"asyncEach\", function (arr, iter, cb) {","","","        (function asyncIterator(i, l, rows, cb) {","            if (++i < l) {","                iter(rows[i], function (err) {","                    if (err) {","                        cb(err);","                    } else {","                        if ((i % 100) === 0) {","                            //dont overflow the stack","                            setImmediate(function () {","                                asyncIterator(i, l, rows, cb);","                            });","                        } else {","                            asyncIterator(i, l, rows, cb);","                        }","                    }","                });","            } else {","                //get out of stack","                cb(null, arr);","            }","        }(-1, arr.length, arr, cb));","    })","    .register(\"spreadArgs\", function spreadArgs(f, args, scope) {","        var ret;","        switch ((args || []).length) {","            case 0:","                ret = f.call(scope);","                break;","            case 1:","                ret = f.call(scope, args[0]);","                break;","            case 2:","                ret = f.call(scope, args[0], args[1]);","                break;","            case 3:","                ret = f.call(scope, args[0], args[1], args[2]);","                break;","            default:","                ret = f.apply(scope, args);","        }","        return ret;","    })","    .register(\"keys\", function (obj) {","        var ret = [];","        for (var i in obj) {","            if (hasOwn.call(obj, i)) {","                ret.push(i);","            }","        }","        return ret;","    });"],"l":{"1":1,"3":1,"11":0,"12":0,"13":0,"14":0,"15":0,"17":0,"19":0,"20":0,"23":0,"29":0,"34":0,"35":0,"37":0,"38":0,"40":0,"41":0,"43":0,"44":0,"46":0,"47":0,"49":0,"51":0,"54":0,"55":0,"56":0,"57":0,"60":0}},"/home/travis/build/npmtest/node-npmtest-fast-csv/fast-csv/lib/parser/parser_stream.js":{"path":"/home/travis/build/npmtest/node-npmtest-fast-csv/fast-csv/lib/parser/parser_stream.js","s":{"1":1,"2":1,"3":0,"4":0,"5":0,"6":0,"7":0,"8":0,"9":0,"10":0,"11":0,"12":0,"13":0,"14":0,"15":0,"16":0,"17":0,"18":0,"19":0,"20":0,"21":0,"22":0,"23":0,"24":0,"25":0,"26":0,"27":0,"28":1,"29":1,"30":1,"31":0,"32":0,"33":0,"34":0,"35":0,"36":0,"37":0,"38":0,"39":0,"40":0,"41":0,"42":0,"43":0,"44":0,"45":0,"46":0,"47":0,"48":0,"49":0,"50":0,"51":0,"52":0,"53":0,"54":0,"55":0,"56":0,"57":0,"58":0,"59":0,"60":0,"61":0,"62":1,"63":0,"64":0,"65":0,"66":0,"67":0,"68":0,"69":0,"70":0,"71":0,"72":0,"73":0,"74":0,"75":0,"76":0,"77":0,"78":0,"79":0,"80":0,"81":0,"82":0,"83":0,"84":0,"85":0,"86":0,"87":0,"88":0,"89":0,"90":0,"91":0,"92":0,"93":0,"94":0,"95":0,"96":0,"97":0,"98":0,"99":0,"100":0,"101":0,"102":0,"103":0,"104":0,"105":0,"106":0,"107":0,"108":0,"109":0,"110":0,"111":0,"112":0,"113":0,"114":0,"115":0,"116":0,"117":0,"118":0,"119":0,"120":0,"121":0,"122":0,"123":0,"124":0,"125":0,"126":0,"127":0,"128":0,"129":0,"130":0,"131":0,"132":0,"133":0,"134":0,"135":0,"136":0,"137":0,"138":0,"139":0,"140":0,"141":0,"142":0,"143":0,"144":0,"145":0,"146":0,"147":0,"148":0,"149":0,"150":0,"151":0,"152":0,"153":0,"154":0,"155":0,"156":0,"157":0,"158":0,"159":0,"160":0,"161":0,"162":0,"163":0,"164":0,"165":0,"166":0,"167":0,"168":0,"169":0,"170":0,"171":0,"172":0,"173":0,"174":0,"175":0,"176":0,"177":0,"178":0,"179":0,"180":0,"181":0,"182":0,"183":0,"184":0,"185":0,"186":0,"187":0,"188":0,"189":1},"b":{"1":[0,0],"2":[0,0],"3":[0,0],"4":[0,0],"5":[0,0],"6":[0,0,0,0],"7":[0,0],"8":[0,0],"9":[0,0],"10":[0,0],"11":[0,0],"12":[0,0],"13":[0,0],"14":[0,0],"15":[0,0],"16":[0,0],"17":[0,0],"18":[0,0],"19":[0,0],"20":[0,0],"21":[0,0],"22":[0,0],"23":[0,0],"24":[0,0],"25":[0,0],"26":[0,0],"27":[0,0],"28":[0,0],"29":[0,0],"30":[0,0],"31":[0,0],"32":[0,0],"33":[0,0],"34":[0,0],"35":[0,0,0],"36":[0,0],"37":[0,0],"38":[0,0],"39":[0,0],"40":[0,0],"41":[0,0],"42":[0,0],"43":[0,0],"44":[0,0],"45":[0,0],"46":[0,0],"47":[0,0],"48":[0,0],"49":[0,0],"50":[0,0],"51":[0,0],"52":[0,0],"53":[0,0],"54":[0,0],"55":[0,0],"56":[0,0],"57":[0,0]},"f":{"1":0,"2":0,"3":0,"4":0,"5":0,"6":0,"7":0,"8":0,"9":0,"10":0,"11":0,"12":0,"13":0,"14":0,"15":0,"16":0,"17":0,"18":0,"19":0,"20":0,"21":0,"22":0,"23":0,"24":0,"25":0,"26":0,"27":0,"28":0,"29":0,"30":0,"31":0,"32":0},"fnMap":{"1":{"name":"ParserStream","line":14,"loc":{"start":{"line":14,"column":0},"end":{"line":14,"column":31}}},"2":{"name":"__parseLineData","line":59,"loc":{"start":{"line":59,"column":18},"end":{"line":59,"column":70}}},"3":{"name":"(anonymous_3)","line":65,"loc":{"start":{"line":65,"column":35},"end":{"line":65,"column":56}}},"4":{"name":"(anonymous_4)","line":69,"loc":{"start":{"line":69,"column":42},"end":{"line":69,"column":74}}},"5":{"name":"(anonymous_5)","line":86,"loc":{"start":{"line":86,"column":19},"end":{"line":86,"column":45}}},"6":{"name":"(anonymous_6)","line":88,"loc":{"start":{"line":88,"column":33},"end":{"line":88,"column":52}}},"7":{"name":"(anonymous_7)","line":90,"loc":{"start":{"line":90,"column":74},"end":{"line":90,"column":98}}},"8":{"name":"(anonymous_8)","line":107,"loc":{"start":{"line":107,"column":11},"end":{"line":107,"column":26}}},"9":{"name":"(anonymous_9)","line":116,"loc":{"start":{"line":116,"column":22},"end":{"line":116,"column":42}}},"10":{"name":"headerHandler","line":123,"loc":{"start":{"line":123,"column":8},"end":{"line":123,"column":45}}},"11":{"name":"(anonymous_11)","line":129,"loc":{"start":{"line":129,"column":35},"end":{"line":129,"column":55}}},"12":{"name":"_parseLine","line":175,"loc":{"start":{"line":175,"column":12},"end":{"line":175,"column":55}}},"13":{"name":"(anonymous_13)","line":182,"loc":{"start":{"line":182,"column":48},"end":{"line":182,"column":63}}},"14":{"name":"(anonymous_14)","line":200,"loc":{"start":{"line":200,"column":18},"end":{"line":200,"column":44}}},"15":{"name":"(anonymous_15)","line":206,"loc":{"start":{"line":206,"column":17},"end":{"line":206,"column":33}}},"16":{"name":"(anonymous_16)","line":215,"loc":{"start":{"line":215,"column":16},"end":{"line":215,"column":48}}},"17":{"name":"(anonymous_17)","line":221,"loc":{"start":{"line":221,"column":40},"end":{"line":221,"column":65}}},"18":{"name":"(anonymous_18)","line":244,"loc":{"start":{"line":244,"column":15},"end":{"line":244,"column":35}}},"19":{"name":"(anonymous_19)","line":252,"loc":{"start":{"line":252,"column":12},"end":{"line":252,"column":32}}},"20":{"name":"(anonymous_20)","line":255,"loc":{"start":{"line":255,"column":43},"end":{"line":255,"column":58}}},"21":{"name":"(anonymous_21)","line":261,"loc":{"start":{"line":261,"column":40},"end":{"line":261,"column":52}}},"22":{"name":"(anonymous_22)","line":270,"loc":{"start":{"line":270,"column":36},"end":{"line":270,"column":48}}},"23":{"name":"(anonymous_23)","line":277,"loc":{"start":{"line":277,"column":16},"end":{"line":277,"column":38}}},"24":{"name":"(anonymous_24)","line":281,"loc":{"start":{"line":281,"column":17},"end":{"line":281,"column":39}}},"25":{"name":"(anonymous_25)","line":285,"loc":{"start":{"line":285,"column":25},"end":{"line":285,"column":37}}},"26":{"name":"(anonymous_26)","line":306,"loc":{"start":{"line":306,"column":20},"end":{"line":306,"column":32}}},"27":{"name":"(anonymous_27)","line":310,"loc":{"start":{"line":310,"column":10},"end":{"line":310,"column":27}}},"28":{"name":"(anonymous_28)","line":329,"loc":{"start":{"line":329,"column":8},"end":{"line":329,"column":23}}},"29":{"name":"(anonymous_29)","line":337,"loc":{"start":{"line":337,"column":14},"end":{"line":337,"column":28}}},"30":{"name":"(anonymous_30)","line":344,"loc":{"start":{"line":344,"column":30},"end":{"line":344,"column":52}}},"31":{"name":"(anonymous_31)","line":350,"loc":{"start":{"line":350,"column":15},"end":{"line":350,"column":29}}},"32":{"name":"(anonymous_32)","line":357,"loc":{"start":{"line":357,"column":31},"end":{"line":357,"column":53}}}},"statementMap":{"1":{"start":{"line":1,"column":0},"end":{"line":12,"column":56}},"2":{"start":{"line":14,"column":0},"end":{"line":43,"column":1}},"3":{"start":{"line":15,"column":4},"end":{"line":15,"column":28}},"4":{"start":{"line":16,"column":4},"end":{"line":16,"column":89}},"5":{"start":{"line":17,"column":4},"end":{"line":17,"column":41}},"6":{"start":{"line":18,"column":4},"end":{"line":18,"column":20}},"7":{"start":{"line":19,"column":4},"end":{"line":19,"column":39}},"8":{"start":{"line":20,"column":4},"end":{"line":20,"column":32}},"9":{"start":{"line":21,"column":4},"end":{"line":21,"column":24}},"10":{"start":{"line":22,"column":4},"end":{"line":22,"column":27}},"11":{"start":{"line":23,"column":4},"end":{"line":23,"column":18}},"12":{"start":{"line":24,"column":4},"end":{"line":32,"column":5}},"13":{"start":{"line":25,"column":8},"end":{"line":25,"column":38}},"14":{"start":{"line":26,"column":8},"end":{"line":28,"column":9}},"15":{"start":{"line":27,"column":12},"end":{"line":27,"column":75}},"16":{"start":{"line":29,"column":8},"end":{"line":29,"column":47}},"17":{"start":{"line":31,"column":8},"end":{"line":31,"column":38}},"18":{"start":{"line":33,"column":4},"end":{"line":33,"column":34}},"19":{"start":{"line":34,"column":4},"end":{"line":34,"column":40}},"20":{"start":{"line":35,"column":4},"end":{"line":35,"column":36}},"21":{"start":{"line":36,"column":4},"end":{"line":36,"column":48}},"22":{"start":{"line":37,"column":4},"end":{"line":37,"column":44}},"23":{"start":{"line":38,"column":4},"end":{"line":38,"column":66}},"24":{"start":{"line":39,"column":4},"end":{"line":39,"column":62}},"25":{"start":{"line":40,"column":4},"end":{"line":40,"column":43}},"26":{"start":{"line":41,"column":4},"end":{"line":41,"column":25}},"27":{"start":{"line":42,"column":4},"end":{"line":42,"column":16}},"28":{"start":{"line":45,"column":0},"end":{"line":45,"column":46}},"29":{"start":{"line":47,"column":0},"end":{"line":48,"column":43}},"30":{"start":{"line":51,"column":0},"end":{"line":364,"column":3}},"31":{"start":{"line":60,"column":8},"end":{"line":60,"column":57}},"32":{"start":{"line":61,"column":8},"end":{"line":63,"column":9}},"33":{"start":{"line":62,"column":12},"end":{"line":62,"column":36}},"34":{"start":{"line":64,"column":8},"end":{"line":83,"column":9}},"35":{"start":{"line":65,"column":12},"end":{"line":80,"column":15}},"36":{"start":{"line":66,"column":16},"end":{"line":79,"column":17}},"37":{"start":{"line":67,"column":20},"end":{"line":67,"column":30}},"38":{"start":{"line":69,"column":20},"end":{"line":78,"column":23}},"39":{"start":{"line":70,"column":24},"end":{"line":77,"column":25}},"40":{"start":{"line":71,"column":28},"end":{"line":71,"column":38}},"41":{"start":{"line":72,"column":31},"end":{"line":77,"column":25}},"42":{"start":{"line":73,"column":28},"end":{"line":73,"column":45}},"43":{"start":{"line":75,"column":28},"end":{"line":75,"column":75}},"44":{"start":{"line":76,"column":28},"end":{"line":76,"column":45}},"45":{"start":{"line":82,"column":12},"end":{"line":82,"column":36}},"46":{"start":{"line":87,"column":8},"end":{"line":87,"column":31}},"47":{"start":{"line":88,"column":8},"end":{"line":113,"column":11}},"48":{"start":{"line":89,"column":12},"end":{"line":106,"column":13}},"49":{"start":{"line":90,"column":16},"end":{"line":105,"column":19}},"50":{"start":{"line":91,"column":20},"end":{"line":104,"column":21}},"51":{"start":{"line":92,"column":24},"end":{"line":92,"column":32}},"52":{"start":{"line":94,"column":24},"end":{"line":102,"column":25}},"53":{"start":{"line":95,"column":28},"end":{"line":99,"column":29}},"54":{"start":{"line":96,"column":32},"end":{"line":96,"column":66}},"55":{"start":{"line":98,"column":32},"end":{"line":98,"column":71}},"56":{"start":{"line":101,"column":28},"end":{"line":101,"column":53}},"57":{"start":{"line":103,"column":24},"end":{"line":103,"column":29}},"58":{"start":{"line":108,"column":12},"end":{"line":112,"column":13}},"59":{"start":{"line":109,"column":16},"end":{"line":109,"column":24}},"60":{"start":{"line":111,"column":16},"end":{"line":111,"column":36}},"61":{"start":{"line":117,"column":8},"end":{"line":121,"column":24}},"62":{"start":{"line":123,"column":8},"end":{"line":158,"column":9}},"63":{"start":{"line":124,"column":12},"end":{"line":155,"column":13}},"64":{"start":{"line":125,"column":16},"end":{"line":125,"column":24}},"65":{"start":{"line":126,"column":19},"end":{"line":155,"column":13}},"66":{"start":{"line":127,"column":16},"end":{"line":128,"column":44}},"67":{"start":{"line":129,"column":16},"end":{"line":154,"column":18}},"68":{"start":{"line":130,"column":20},"end":{"line":130,"column":46}},"69":{"start":{"line":131,"column":20},"end":{"line":144,"column":21}},"70":{"start":{"line":132,"column":24},"end":{"line":140,"column":25}},"71":{"start":{"line":133,"column":28},"end":{"line":133,"column":55}},"72":{"start":{"line":134,"column":31},"end":{"line":140,"column":25}},"73":{"start":{"line":135,"column":28},"end":{"line":135,"column":60}},"74":{"start":{"line":136,"column":28},"end":{"line":136,"column":50}},"75":{"start":{"line":138,"column":28},"end":{"line":138,"column":162}},"76":{"start":{"line":139,"column":28},"end":{"line":139,"column":50}},"77":{"start":{"line":141,"column":27},"end":{"line":144,"column":21}},"78":{"start":{"line":142,"column":24},"end":{"line":142,"column":56}},"79":{"start":{"line":143,"column":24},"end":{"line":143,"column":46}},"80":{"start":{"line":145,"column":20},"end":{"line":151,"column":21}},"81":{"start":{"line":146,"column":24},"end":{"line":148,"column":25}},"82":{"start":{"line":147,"column":28},"end":{"line":147,"column":37}},"83":{"start":{"line":149,"column":24},"end":{"line":149,"column":38}},"84":{"start":{"line":150,"column":24},"end":{"line":150,"column":70}},"85":{"start":{"line":153,"column":20},"end":{"line":153,"column":41}},"86":{"start":{"line":156,"column":12},"end":{"line":156,"column":39}},"87":{"start":{"line":157,"column":12},"end":{"line":157,"column":21}},"88":{"start":{"line":160,"column":8},"end":{"line":171,"column":9}},"89":{"start":{"line":161,"column":12},"end":{"line":166,"column":13}},"90":{"start":{"line":162,"column":16},"end":{"line":162,"column":29}},"91":{"start":{"line":163,"column":16},"end":{"line":163,"column":45}},"92":{"start":{"line":165,"column":16},"end":{"line":165,"column":114}},"93":{"start":{"line":167,"column":15},"end":{"line":171,"column":9}},"94":{"start":{"line":168,"column":12},"end":{"line":168,"column":68}},"95":{"start":{"line":170,"column":12},"end":{"line":170,"column":41}},"96":{"start":{"line":176,"column":8},"end":{"line":176,"column":30}},"97":{"start":{"line":177,"column":8},"end":{"line":197,"column":9}},"98":{"start":{"line":178,"column":12},"end":{"line":178,"column":50}},"99":{"start":{"line":179,"column":12},"end":{"line":179,"column":29}},"100":{"start":{"line":180,"column":12},"end":{"line":194,"column":13}},"101":{"start":{"line":181,"column":16},"end":{"line":191,"column":17}},"102":{"start":{"line":182,"column":20},"end":{"line":188,"column":23}},"103":{"start":{"line":183,"column":24},"end":{"line":187,"column":25}},"104":{"start":{"line":184,"column":28},"end":{"line":184,"column":36}},"105":{"start":{"line":186,"column":28},"end":{"line":186,"column":63}},"106":{"start":{"line":190,"column":20},"end":{"line":190,"column":55}},"107":{"start":{"line":193,"column":16},"end":{"line":193,"column":36}},"108":{"start":{"line":196,"column":12},"end":{"line":196,"column":18}},"109":{"start":{"line":201,"column":8},"end":{"line":203,"column":9}},"110":{"start":{"line":202,"column":12},"end":{"line":202,"column":77}},"111":{"start":{"line":209,"column":8},"end":{"line":211,"column":9}},"112":{"start":{"line":210,"column":12},"end":{"line":210,"column":33}},"113":{"start":{"line":212,"column":8},"end":{"line":212,"column":20}},"114":{"start":{"line":216,"column":8},"end":{"line":218,"column":24}},"115":{"start":{"line":219,"column":8},"end":{"line":240,"column":9}},"116":{"start":{"line":220,"column":12},"end":{"line":220,"column":50}},"117":{"start":{"line":221,"column":12},"end":{"line":232,"column":15}},"118":{"start":{"line":222,"column":16},"end":{"line":231,"column":17}},"119":{"start":{"line":223,"column":20},"end":{"line":223,"column":30}},"120":{"start":{"line":225,"column":20},"end":{"line":225,"column":42}},"121":{"start":{"line":226,"column":20},"end":{"line":230,"column":21}},"122":{"start":{"line":227,"column":24},"end":{"line":227,"column":31}},"123":{"start":{"line":229,"column":24},"end":{"line":229,"column":49}},"124":{"start":{"line":234,"column":12},"end":{"line":234,"column":34}},"125":{"start":{"line":235,"column":12},"end":{"line":239,"column":13}},"126":{"start":{"line":236,"column":16},"end":{"line":236,"column":23}},"127":{"start":{"line":238,"column":16},"end":{"line":238,"column":41}},"128":{"start":{"line":245,"column":8},"end":{"line":249,"column":9}},"129":{"start":{"line":246,"column":12},"end":{"line":246,"column":23}},"130":{"start":{"line":248,"column":12},"end":{"line":248,"column":24}},"131":{"start":{"line":253,"column":8},"end":{"line":253,"column":24}},"132":{"start":{"line":254,"column":8},"end":{"line":274,"column":9}},"133":{"start":{"line":255,"column":12},"end":{"line":265,"column":15}},"134":{"start":{"line":256,"column":16},"end":{"line":264,"column":17}},"135":{"start":{"line":257,"column":20},"end":{"line":257,"column":34}},"136":{"start":{"line":258,"column":23},"end":{"line":264,"column":17}},"137":{"start":{"line":259,"column":20},"end":{"line":259,"column":45}},"138":{"start":{"line":261,"column":20},"end":{"line":263,"column":22}},"139":{"start":{"line":262,"column":24},"end":{"line":262,"column":49}},"140":{"start":{"line":267,"column":12},"end":{"line":273,"column":13}},"141":{"start":{"line":268,"column":16},"end":{"line":268,"column":41}},"142":{"start":{"line":270,"column":16},"end":{"line":272,"column":18}},"143":{"start":{"line":271,"column":20},"end":{"line":271,"column":45}},"144":{"start":{"line":278,"column":8},"end":{"line":278,"column":32}},"145":{"start":{"line":282,"column":8},"end":{"line":282,"column":32}},"146":{"start":{"line":286,"column":8},"end":{"line":286,"column":60}},"147":{"start":{"line":287,"column":8},"end":{"line":298,"column":9}},"148":{"start":{"line":288,"column":12},"end":{"line":288,"column":22}},"149":{"start":{"line":289,"column":12},"end":{"line":296,"column":13}},"150":{"start":{"line":290,"column":16},"end":{"line":290,"column":41}},"151":{"start":{"line":291,"column":16},"end":{"line":291,"column":54}},"152":{"start":{"line":293,"column":16},"end":{"line":295,"column":17}},"153":{"start":{"line":294,"column":20},"end":{"line":294,"column":27}},"154":{"start":{"line":297,"column":12},"end":{"line":297,"column":32}},"155":{"start":{"line":299,"column":8},"end":{"line":303,"column":9}},"156":{"start":{"line":300,"column":12},"end":{"line":300,"column":41}},"157":{"start":{"line":301,"column":12},"end":{"line":301,"column":37}},"158":{"start":{"line":302,"column":12},"end":{"line":302,"column":19}},"159":{"start":{"line":307,"column":8},"end":{"line":307,"column":29}},"160":{"start":{"line":311,"column":8},"end":{"line":326,"column":9}},"161":{"start":{"line":312,"column":12},"end":{"line":315,"column":13}},"162":{"start":{"line":313,"column":16},"end":{"line":313,"column":41}},"163":{"start":{"line":314,"column":16},"end":{"line":314,"column":70}},"164":{"start":{"line":317,"column":12},"end":{"line":324,"column":13}},"165":{"start":{"line":318,"column":16},"end":{"line":323,"column":17}},"166":{"start":{"line":319,"column":20},"end":{"line":319,"column":41}},"167":{"start":{"line":320,"column":23},"end":{"line":323,"column":17}},"168":{"start":{"line":321,"column":20},"end":{"line":321,"column":42}},"169":{"start":{"line":322,"column":20},"end":{"line":322,"column":47}},"170":{"start":{"line":325,"column":12},"end":{"line":325,"column":50}},"171":{"start":{"line":330,"column":8},"end":{"line":332,"column":9}},"172":{"start":{"line":331,"column":12},"end":{"line":331,"column":34}},"173":{"start":{"line":333,"column":8},"end":{"line":333,"column":44}},"174":{"start":{"line":334,"column":8},"end":{"line":334,"column":20}},"175":{"start":{"line":338,"column":8},"end":{"line":340,"column":9}},"176":{"start":{"line":339,"column":12},"end":{"line":339,"column":94}},"177":{"start":{"line":341,"column":8},"end":{"line":347,"column":9}},"178":{"start":{"line":342,"column":12},"end":{"line":342,"column":33}},"179":{"start":{"line":344,"column":12},"end
[...]
"start":{"line":35,"column":16},"end":{"line":35,"column":76}},"19":{"start":{"line":39,"column":8},"end":{"line":47,"column":9}},"20":{"start":{"line":40,"column":12},"end":{"line":42,"column":14}},"21":{"start":{"line":41,"column":16},"end":{"line":41,"column":85}},"22":{"start":{"line":44,"column":12},"end":{"line":46,"column":14}},"23":{"start":{"line":45,"column":16},"end":{"line":45,"column":108}},"24":{"start":{"line":49,"column":4},"end":{"line":49,"column":23}},"25":{"start":{"line":52,"column":0},"end":{"line":91,"column":1}},"26":{"start":{"line":53,"column":4},"end":{"line":53,"column":28}},"27":{"start":{"line":54,"column":4},"end":{"line":61,"column":77}},"28":{"start":{"line":64,"column":4},"end":{"line":80,"column":5}},"29":{"start":{"line":65,"column":8},"end":{"line":65,"column":19}},"30":{"start":{"line":66,"column":8},"end":{"line":66,"column":41}},"31":{"start":{"line":67,"column":8},"end":{"line":72,"column":9}},"32":{"start":{"line":68,"column":12},"end":{"line":68,"column":66}},"33":{"start":{"line":69,"column":12},"end":{"line":69,"column":26}},"34":{"start":{"line":71,"column":12},"end":{"line":71,"column":56}},"35":{"start":{"line":73,"column":8},"end":{"line":73,"column":56}},"36":{"start":{"line":74,"column":8},"end":{"line":78,"column":9}},"37":{"start":{"line":75,"column":12},"end":{"line":75,"column":44}},"38":{"start":{"line":77,"column":12},"end":{"line":77,"column":28}},"39":{"start":{"line":79,"column":8},"end":{"line":79,"column":30}},"40":{"start":{"line":82,"column":4},"end":{"line":90,"column":6}},"41":{"start":{"line":83,"column":8},"end":{"line":83,"column":55}},"42":{"start":{"line":84,"column":8},"end":{"line":88,"column":9}},"43":{"start":{"line":85,"column":12},"end":{"line":85,"column":30}},"44":{"start":{"line":86,"column":12},"end":{"line":86,"column":65}},"45":{"start":{"line":87,"column":12},"end":{"line":87,"column":54}},"46":{"start":{"line":89,"column":8},"end":{"line":89,"column":35}},"47":{"start":{"line":93,"column":0},"end":{"line":95,"column":1}},"48":{"start":{"line":94,"column":4},"end":{"line":94,"column":25}},"49":{"start":{"line":98,"column":0},"end":{"line":100,"column":1}},"50":{"start":{"line":99,"column":4},"end":{"line":99,"column":66}},"51":{"start":{"line":103,"column":0},"end":{"line":119,"column":1}},"52":{"start":{"line":104,"column":4},"end":{"line":104,"column":18}},"53":{"start":{"line":105,"column":4},"end":{"line":117,"column":5}},"54":{"start":{"line":107,"column":8},"end":{"line":107,"column":15}},"55":{"start":{"line":108,"column":8},"end":{"line":108,"column":24}},"56":{"start":{"line":109,"column":8},"end":{"line":109,"column":17}},"57":{"start":{"line":110,"column":8},"end":{"line":112,"column":9}},"58":{"start":{"line":111,"column":12},"end":{"line":111,"column":32}},"59":{"start":{"line":113,"column":11},"end":{"line":117,"column":5}},"60":{"start":{"line":114,"column":8},"end":{"line":114,"column":19}},"61":{"start":{"line":116,"column":8},"end":{"line":116,"column":25}},"62":{"start":{"line":118,"column":4},"end":{"line":118,"column":15}},"63":{"start":{"line":123,"column":0},"end":{"line":137,"column":1}},"64":{"start":{"line":124,"column":4},"end":{"line":124,"column":28}},"65":{"start":{"line":125,"column":4},"end":{"line":129,"column":5}},"66":{"start":{"line":126,"column":8},"end":{"line":126,"column":36}},"67":{"start":{"line":127,"column":8},"end":{"line":127,"column":55}},"68":{"start":{"line":128,"column":8},"end":{"line":128,"column":46}},"69":{"start":{"line":130,"column":4},"end":{"line":135,"column":5}},"70":{"start":{"line":131,"column":8},"end":{"line":131,"column":28}},"71":{"start":{"line":132,"column":8},"end":{"line":132,"column":80}},"72":{"start":{"line":133,"column":8},"end":{"line":133,"column":40}},"73":{"start":{"line":134,"column":8},"end":{"line":134,"column":50}},"74":{"start":{"line":136,"column":4},"end":{"line":136,"column":15}},"75":{"start":{"line":140,"column":0},"end":{"line":150,"column":1}},"76":{"start":{"line":141,"column":4},"end":{"line":141,"column":100}},"77":{"start":{"line":142,"column":4},"end":{"line":144,"column":5}},"78":{"start":{"line":143,"column":8},"end":{"line":143,"column":38}},"79":{"start":{"line":145,"column":4},"end":{"line":147,"column":5}},"80":{"start":{"line":146,"column":8},"end":{"line":146,"column":35}},"81":{"start":{"line":148,"column":4},"end":{"line":148,"column":37}},"82":{"start":{"line":149,"column":4},"end":{"line":149,"column":24}},"83":{"start":{"line":153,"column":0},"end":{"line":160,"column":1}},"84":{"start":{"line":154,"column":4},"end":{"line":154,"column":17}},"85":{"start":{"line":155,"column":4},"end":{"line":157,"column":5}},"86":{"start":{"line":156,"column":8},"end":{"line":156,"column":38}},"87":{"start":{"line":158,"column":4},"end":{"line":158,"column":37}},"88":{"start":{"line":159,"column":4},"end":{"line":159,"column":24}},"89":{"start":{"line":163,"column":0},"end":{"line":173,"column":1}},"90":{"start":{"line":164,"column":4},"end":{"line":164,"column":74}},"91":{"start":{"line":165,"column":4},"end":{"line":167,"column":5}},"92":{"start":{"line":166,"column":8},"end":{"line":166,"column":38}},"93":{"start":{"line":168,"column":4},"end":{"line":170,"column":5}},"94":{"start":{"line":169,"column":8},"end":{"line":169,"column":29}},"95":{"start":{"line":171,"column":4},"end":{"line":171,"column":37}},"96":{"start":{"line":172,"column":4},"end":{"line":172,"column":24}},"97":{"start":{"line":176,"column":0},"end":{"line":188,"column":1}},"98":{"start":{"line":177,"column":4},"end":{"line":177,"column":12}},"99":{"start":{"line":178,"column":4},"end":{"line":186,"column":5}},"100":{"start":{"line":179,"column":8},"end":{"line":183,"column":9}},"101":{"start":{"line":180,"column":12},"end":{"line":180,"column":55}},"102":{"start":{"line":182,"column":12},"end":{"line":182,"column":51}},"103":{"start":{"line":185,"column":8},"end":{"line":185,"column":46}},"104":{"start":{"line":187,"column":4},"end":{"line":187,"column":15}},"105":{"start":{"line":190,"column":0},"end":{"line":190,"column":42}},"106":{"start":{"line":191,"column":0},"end":{"line":191,"column":38}},"107":{"start":{"line":192,"column":0},"end":{"line":192,"column":36}},"108":{"start":{"line":193,"column":0},"end":{"line":193,"column":44}}},"branchMap":{"1":{"line":14,"type":"if","locations":[{"start":{"line":14,"column":4},"end":{"line":14,"column":4}},{"start":{"line":14,"column":4},"end":{"line":14,"column":4}}]},"2":{"line":15,"type":"if","locations":[{"start":{"line":15,"column":8},"end":{"line":15,"column":8}},{"start":{"line":15,"column":8},"end":{"line":15,"column":8}}]},"3":{"line":17,"type":"cond-expr","locations":[{"start":{"line":17,"column":35},"end":{"line":17,"column":47}},{"start":{"line":17,"column":50},"end":{"line":17,"column":62}}]},"4":{"line":19,"type":"if","locations":[{"start":{"line":19,"column":15},"end":{"line":19,"column":15}},{"start":{"line":19,"column":15},"end":{"line":19,"column":15}}]},"5":{"line":21,"type":"cond-expr","locations":[{"start":{"line":21,"column":34},"end":{"line":21,"column":53}},{"start":{"line":21,"column":56},"end":{"line":21,"column":68}}]},"6":{"line":25,"type":"cond-expr","locations":[{"start":{"line":25,"column":34},"end":{"line":25,"column":69}},{"start":{"line":25,"column":72},"end":{"line":25,"column":84}}]},"7":{"line":28,"type":"if","locations":[{"start":{"line":28,"column":11},"end":{"line":28,"column":11}},{"start":{"line":28,"column":11},"end":{"line":28,"column":11}}]},"8":{"line":29,"type":"if","locations":[{"start":{"line":29,"column":8},"end":{"line":29,"column":8}},{"start":{"line":29,"column":8},"end":{"line":29,"column":8}}]},"9":{"line":31,"type":"cond-expr","locations":[{"start":{"line":31,"column":34},"end":{"line":31,"column":46}},{"start":{"line":31,"column":49},"end":{"line":31,"column":68}}]},"10":{"line":35,"type":"cond-expr","locations":[{"start":{"line":35,"column":34},"end":{"line":35,"column":53}},{"start":{"line":35,"column":56},"end":{"line":35,"column":75}}]},"11":{"line":39,"type":"if","locations":[{"start":{"line":39,"column":8},"end":{"line":39,"column":8}},{"start":{"line":39,"column":8},"end":{"line":39,"column":8}}]},"12":{"line":41,"type":"cond-expr","locations":[{"start":{"line":41,"column":34},"end":{"line":41,"column":46}},{"start":{"line":41,"column":49},"end":{"line":41,"column":84}}]},"13":{"line":45,"type":"cond-expr","locations":[{"start":{"line":45,"column":34},"end":{"line":45,"column":69}},{"start":{"line":45,"column":72},"end":{"line":45,"column":107}}]},"14":{"line":53,"type":"binary-expr","locations":[{"start":{"line":53,"column":14},"end":{"line":53,"column":21}},{"start":{"line":53,"column":25},"end":{"line":53,"column":27}}]},"15":{"line":54,"type":"binary-expr","locations":[{"start":{"line":54,"column":20},"end":{"line":54,"column":37}},{"start":{"line":54,"column":41},"end":{"line":54,"column":44}}]},"16":{"line":55,"type":"binary-expr","locations":[{"start":{"line":55,"column":60},"end":{"line":55,"column":80}},{"start":{"line":55,"column":84},"end":{"line":55,"column":94}}]},"17":{"line":56,"type":"binary-expr","locations":[{"start":{"line":56,"column":16},"end":{"line":56,"column":29}},{"start":{"line":56,"column":33},"end":{"line":56,"column":36}}]},"18":{"line":57,"type":"binary-expr","locations":[{"start":{"line":57,"column":17},"end":{"line":57,"column":31}},{"start":{"line":57,"column":35},"end":{"line":57,"column":38}}]},"19":{"line":59,"type":"cond-expr","locations":[{"start":{"line":59,"column":54},"end":{"line":59,"column":74}},{"start":{"line":59,"column":77},"end":{"line":59,"column":82}}]},"20":{"line":60,"type":"cond-expr","locations":[{"start":{"line":60,"column":54},"end":{"line":60,"column":74}},{"start":{"line":60,"column":77},"end":{"line":60,"column":89}}]},"21":{"line":67,"type":"if","locations":[{"start":{"line":67,"column":8},"end":{"line":67,"column":8}},{"start":{"line":67,"column":8},"end":{"line":67,"column":8}}]},"22":{"line":73,"type":"binary-expr","locations":[{"start":{"line":73,"column":17},"end":{"line":73,"column":23}},{"start":{"line":73,"column":27},"end":{"line":73,"column":55}}]},"23":{"line":74,"type":"if","locations":[{"start":{"line":74,"column":8},"end":{"line":74,"column":8}},{"start":{"line":74,"column":8},"end":{"line":74,"column":8}}]},"24":{"line":86,"type":"cond-expr","locations":[{"start":{"line":86,"column":48},"end":{"line":86,"column":50}},{"start":{"line":86,"column":53},"end":{"line":86,"column":58}}]},"25":{"line":99,"type":"binary-expr","locations":[{"start":{"line":99,"column":11},"end":{"line":99,"column":23}},{"start":{"line":99,"column":27},"end":{"line":99,"column":42}},{"start":{"line":99,"column":46},"end":{"line":99,"column":65}}]},"26":{"line":105,"type":"if","locations":[{"start":{"line":105,"column":4},"end":{"line":105,"column":4}},{"start":{"line":105,"column":4},"end":{"line":105,"column":4}}]},"27":{"line":113,"type":"if","locations":[{"start":{"line":113,"column":11},"end":{"line":113,"column":11}},{"start":{"line":113,"column":11},"end":{"line":113,"column":11}}]},"28":{"line":125,"type":"if","locations":[{"start":{"line":125,"column":4},"end":{"line":125,"column":4}},{"start":{"line":125,"column":4},"end":{"line":125,"column":4}}]},"29":{"line":130,"type":"if","locations":[{"start":{"line":130,"column":4},"end":{"line":130,"column":4}},{"start":{"line":130,"column":4},"end":{"line":130,"column":4}}]},"30":{"line":134,"type":"binary-expr","locations":[{"start":{"line":134,"column":14},"end":{"line":134,"column":31}},{"start":{"line":134,"column":35},"end":{"line":134,"column":49}}]},"31":{"line":142,"type":"if","locations":[{"start":{"line":142,"column":4},"end":{"line":142,"column":4}},{"start":{"line":142,"column":4},"end":{"line":142,"column":4}}]},"32":{"line":155,"type":"if","locations":[{"start":{"line":155,"column":4},"end":{"line":155,"column":4}},{"start":{"line":155,"column":4},"end":{"line":155,"column":4}}]},"33":{"line":165,"type":"if","locations":[{"start":{"line":165,"column":4},"end":{"line":165,"column":4}},{"start":{"line":165,"column":4},"end":{"line":165,"column":4}}]},"34":{"line":178,"type":"if","locations":[{"start":{"line":178,"column":4},"end":{"line":178,"column":4}},{"start":{"line":178,"column":4},"end":{"line":178,"column":4}}]},"35":{"line":179,"type":"if","locations":[{"start":{"line":179,"column":8},"end":{"line":179,"column":8}},{"start":{"line":179,"column":8},"end":{"line":179,"column":8}}]}},"code":["var fs = require(\"fs\"),","    extended = require(\"../extended\"),","    has = extended.has,","    isBoolean = extended.isBoolean,","    isUndefinedOrNull = extended.isUndefinedOrNull,","    escape = extended.escape,","    isArray = extended.isArray,","    keys = extended.keys,","    stream = require(\"stream\"),","    LINE_BREAK = extended.LINE_BREAK;","","function createQuoteChecker(stream, quoteColumns, quoteHeaders) {","    var shouldQuote;","    if (isBoolean(quoteColumns)) {","        if (isBoolean(quoteHeaders)) {","            shouldQuote = function shouldQuote(index, isHeader) {","                return (isHeader ? quoteHeaders : quoteColumns);","            };","        } else if (isArray(quoteHeaders)) {","            shouldQuote = function shouldQuote(index, isHeader) {","                return isHeader ? quoteHeaders[index] : quoteColumns;","            };","        } else {","            shouldQuote = function shouldQuote(index, isHeader) {","                return isHeader ? quoteHeaders[stream.headers[index]] : quoteColumns;","            };","        }","    } else if (isArray(quoteColumns)) {","        if (isBoolean(quoteHeaders)) {","            shouldQuote = function shouldQuote(index, isHeader) {","                return isHeader ? quoteHeaders : quoteColumns[index];","            };","        } else {","            shouldQuote = function shouldQuote(index, isHeader) {","                return isHeader ? quoteHeaders[index] : quoteColumns[index];","            };","        }","    } else {","        if (isBoolean(quoteHeaders)) {","            shouldQuote = function shouldQuote(index, isHeader) {","                return isHeader ? quoteHeaders : quoteColumns[stream.headers[index]];","            };","        } else {","            shouldQuote = function shouldQuote(index, isHeader) {","                return isHeader ? quoteHeaders[stream.headers[index]] : quoteColumns[stream.headers[index]];","            };","        }","    }","    return shouldQuote;","}","","function createFormatter(options, stream) {","    options = options || {};","    var delimiter = options.delimiter || \",\",","        ESCAPE_REGEXP = new RegExp(\"[\" + delimiter + escape(options.rowDelimiter || LINE_BREAK) + \"']\"),","        QUOTE = options.quote || '\"',","        ESCAPE = options.escape || '\"',","        REPLACE_REGEXP = new RegExp(QUOTE, \"g\"),","        quoteColumns = has(options, \"quoteColumns\") ? options.quoteColumns : false,","        quoteHeaders = has(options, \"quoteHeaders\") ? options.quoteHeaders : quoteColumns,","        shouldQuote = createQuoteChecker(stream, quoteColumns, quoteHeaders);","","","    function escapeField(field, index, isHeader) {","        var escape;","        field = field.replace(/\\0/g, '');","        if ((escape = field.indexOf(QUOTE) !== -1)) {","            field = field.replace(REPLACE_REGEXP, ESCAPE + QUOTE);","            escape = true;","        } else {","            escape = field.search(ESCAPE_REGEXP) !== -1;","        }","        escape = escape || shouldQuote(index, isHeader);","        if (escape) {","            field = [QUOTE + field + QUOTE];","        } else {","            field = [field];","        }","        return field.join(\"\");","    }","","    return function escapeFields(fields, isHeader) {","        var i = -1, l = fields.length, ret = [], field;","        while (++i < l) {","            field = fields[i];","            field = (isUndefinedOrNull(field) ? \"\" : field) + \"\";","            ret.push(escapeField(field, i, isHeader));","        }","        return ret.join(delimiter);","    };","}","","function defaultTransform(row, cb) {","    return cb(null, row);","}","","","function isHashArray(arr) {","    return isArray(arr) && isArray(arr[0]) && arr[0].length === 2;","}","","//get headers from a row item","function gatherHeaders(item) {","    var ret, i, l;","    if (isHashArray(item)) {","        //lets assume a multidimesional array with item 0 bing the title","        i = -1;","        l = item.length;","        ret = [];","        while (++i < l) {","            ret[i] = item[i][0];","        }","    } else if (isArray(item)) {","        ret = item;","    } else {","        ret = keys(item);","    }","    return ret;","}","","//check if we need to write header return true if we should also write a row","//could be false if headers is true and the header row(first item) is passed in","function checkHeaders(stream, item) {","    var headers, ret = true;","    if (!stream.parsedHeaders) {","        stream.parsedHeaders = true;","        headers = stream.headers = gatherHeaders(item);","        stream.headersLength = headers.length;","    }","    if (!stream.hasWrittenHeaders) {","        stream.totalCount++;","        stream.push(new Buffer(stream.formatter(stream.headers, true), \"utf8\"));","        stream.hasWrittenHeaders = true;","        ret = isHashArray(item) || !isArray(item);","    }","    return ret;","}","","//transform an object into a CSV row","function transformHashData(stream, item) {","    var vals = [], row = [], headers = stream.headers, i = -1, headersLength = stream.headersLength;","    if (stream.totalCount++) {","        row.push(stream.rowDelimiter);","    }","    while (++i < headersLength) {","        vals[i] = item[headers[i]];","    }","    row.push(stream.formatter(vals));","    return row.join(\"\");","}","","//transform an array into a CSV row","function transformArrayData(stream, item, cb) {","    var row = [];","    if (stream.totalCount++) {","        row.push(stream.rowDelimiter);","    }","    row.push(stream.formatter(item));","    return row.join(\"\");","}","","//transform an array of two item arrays into a CSV row","function transformHashArrayData(stream, item) {","    var vals = [], row = [], i = -1, headersLength = stream.headersLength;","    if (stream.totalCount++) {","        row.push(stream.rowDelimiter);","    }","    while (++i < headersLength) {","        vals[i] = item[i][1];","    }","    row.push(stream.formatter(vals));","    return row.join(\"\");","}","","//wrapper to determin what transform to run","function transformItem(stream, item) {","    var ret;","    if (isArray(item)) {","        if (isHashArray(item)) {","            ret = transformHashArrayData(stream, item);","        } else {","            ret = transformArrayData(stream, item);","        }","    } else {","        ret = transformHashData(stream, item);","    }","    return ret;","}","","exports.createFormatter = createFormatter;","exports.transformItem = transformItem;","exports.checkHeaders = checkHeaders;","exports.defaultTransform = defaultTransform;",""],"l":{"1":1,"12":1,"13":0,"14":0,"15":0,"16":0,"17":0,"19":0,"20":0,"21":0,"24":0,"25":0,"28":0,"29":0,"30":0,"31":0,"34":0,"35":0,"39":0,"40":0,"41":0,"44":0,"45":0,"49":0,"52":1,"53":0,"54":0,"64":1,"65":0,"66":0,"67":0,"68":0,"69":0,"71":0,"73":0,"74":0,"75":0,"77":0,"79":0,"82":0,"83":0,"84":0,"85":0,"86":0,"87":0,"89":0,"93":1,"94":0,"98":1,"99":0,"103":1,"104":0,"105":0,"107":0,"108":0,"109":0,"110":0,"111":0,"113":0,"114":0,"116":0,"118":0,"123":1,"124":0,"125":0,"126":0,"127":0,"128":0,"130":0,"131":0,"132":0,"133":0,"134":0,"136":0,"140":1,"141":0,"142":0,"143":0,"145":0,"146":0,"148":0,"149":0,"153":1,"154":0,"155":0,"156":0,"158":0,"159":0,"163":1,"164":0,"165":0,"166":0,"168":0,"169":0,"171":0,"172":0,"176":1,"177":0,"178":0,"179":0,"180":0,"182":0,"185":0,"187":0,"190":1,"191":1,"192":1,"193":1}}}